2026-06-26 08:27:32,633 run.py[line:37] INFO <<<<<<<<<<<<<<<<<<<<<<<<<<<<<<【航班动态定价托管】7.0.0 程序开始！>>>>>>>>>>>>>>>>>>>>>>>>>>>>>>
2026-06-26 08:27:32,949 KNNBasePredictor.py[line:296] INFO 【SoloFlightNumberIncreaseKNN】程序开始！
2026-06-26 08:27:32,995 KNNBasePredictor.py[line:322] INFO 【SoloFlightNumberIncreaseKNN】触发8进程模式，数据量：643
2026-06-26 08:27:41,686 run.py[line:37] INFO <<<<<<<<<<<<<<<<<<<<<<<<<<<<<<【航班动态定价托管】7.0.0 程序开始！>>>>>>>>>>>>>>>>>>>>>>>>>>>>>>
2026-06-26 08:28:40,239 database_oracle.py[line:572] INFO DP_EST_DATA_CHG进程执行完毕！
2026-06-26 08:28:40,277 KNNBasePredictor.py[line:296] INFO 【SoloFlightNumberIncreaseKNN】程序开始！
2026-06-26 08:28:40,299 KNNBasePredictor.py[line:322] INFO 【SoloFlightNumberIncreaseKNN】触发8进程模式，数据量：717
2026-06-26 08:29:05,368 SoloBkdSharpRise.py[line:74] INFO bkd_sharp_rise: 检测到 0 条航班触发订座突增提价
2026-06-26 08:29:05,379 SoloAdvicePrice.py[line:52] INFO 【SoloFltAdvicePrice】程序开始！
2026-06-26 08:29:05,493 run.py[line:87] INFO ===============SOLO_PART航班价格建议完成！===============
2026-06-26 08:29:06,243 basic_helper_fuction.py[line:234] INFO 生产环境接口：<Response [200]>
2026-06-26 08:34:06,985 basic_helper_fuction.py[line:219] WARNING 程序临时执行，删除由此产生的重复数据！
2026-06-26 08:34:06,986 run.py[line:57] INFO 定时任务已注册，进入轮询模式...
2026-06-26 09:02:00,201 run.py[line:126] INFO <<<<<<<<<<<<<<<<<<<<<<<<<<<<<<【航班动态定价托管】7.0.0 程序开始！>>>>>>>>>>>>>>>>>>>>>>>>>>>>>>
2026-06-26 09:02:39,446 database_oracle.py[line:572] INFO DP_EST_DATA_CHG进程执行完毕！
2026-06-26 09:02:39,465 KNNBasePredictor.py[line:296] INFO 【SoloFlightNumberIncreaseKNN】程序开始！
2026-06-26 09:02:39,497 KNNBasePredictor.py[line:322] INFO 【SoloFlightNumberIncreaseKNN】触发8进程模式，数据量：38
2026-06-26 09:02:45,824 SoloBkdSharpRise.py[line:74] INFO bkd_sharp_rise: 检测到 0 条航班触发订座突增提价
2026-06-26 09:02:45,835 SoloAdvicePrice.py[line:52] INFO 【SoloFltAdvicePrice】程序开始！
2026-06-26 09:02:45,907 run.py[line:87] INFO ===============SOLO_PART航班价格建议完成！===============
2026-06-26 09:02:47,238 basic_helper_fuction.py[line:234] INFO 生产环境接口：<Response [200]>
2026-06-26 13:53:00,350 run.py[line:37] INFO <<<<<<<<<<<<<<<<<<<<<<<<<<<<<<【航班动态定价托管】7.0.0 程序开始！>>>>>>>>>>>>>>>>>>>>>>>>>>>>>>
2026-06-26 13:53:03,487 database_oracle.py[line:572] INFO DP_EST_DATA_CHG进程执行完毕！
2026-06-26 13:53:03,526 KNNBasePredictor.py[line:296] INFO 【SoloFlightNumberIncreaseKNN】程序开始！
2026-06-26 13:53:03,550 KNNBasePredictor.py[line:322] INFO 【SoloFlightNumberIncreaseKNN】触发8进程模式，数据量：708
2026-06-26 13:53:28,344 SoloBkdSharpRise.py[line:74] INFO bkd_sharp_rise: 检测到 0 条航班触发订座突增提价
2026-06-26 13:53:28,357 SoloAdvicePrice.py[line:52] INFO 【SoloFltAdvicePrice】程序开始！
2026-06-26 13:53:28,457 run.py[line:87] INFO ===============SOLO_PART航班价格建议完成！===============
2026-06-26 13:53:35,121 basic_helper_fuction.py[line:234] INFO 生产环境接口：<Response [200]>
2026-06-26 13:56:12,362 basic_helper_fuction.py[line:219] WARNING 程序临时执行，删除由此产生的重复数据！
2026-06-26 13:56:12,363 run.py[line:57] INFO 定时任务已注册，进入轮询模式...
2026-06-26 14:03:41,509 run.py[line:37] INFO <<<<<<<<<<<<<<<<<<<<<<<<<<<<<<【航班动态定价托管】7.0.0 程序开始！>>>>>>>>>>>>>>>>>>>>>>>>>>>>>>
2026-06-26 14:03:41,510 basic_helper_fuction.py[line:62] INFO 检测到调试器已附加，自动禁用多进程模式
2026-06-26 14:03:41,511 run.py[line:95] INFO 多进程已禁用，程序将以单进程模式运行
2026-06-26 14:03:41,793 KNNBasePredictor.py[line:296] INFO 【SoloFlightNumberIncreaseKNN】程序开始！
2026-06-26 14:03:41,824 KNNBasePredictor.py[line:314] INFO 【SoloFlightNumberIncreaseKNN】多进程已被环境变量禁用，使用单进程模式，数据量：708
2026-06-26 14:03:41,827 KNNBasePredictor.py[line:267] INFO 【SoloFlightNumberIncreaseKNN】单进程模式，数据量：708
2026-06-26 14:03:42,944 DataFetchRules.py[line:222] INFO 【DataFetchRules】航班序号：4，起飞日期：06月26日，航段：KWEKHN，航班号：8912 样本不足(0条)
2026-06-26 14:03:49,127 DataFetchRules.py[line:222] INFO 【DataFetchRules】航班序号：36，起飞日期：06月28日，航段：KHNKWE，航班号：8911 样本不足(0条)
2026-06-26 14:03:50,294 DataFetchRules.py[line:222] INFO 【DataFetchRules】航班序号：41，起飞日期：06月28日，航段：KWEKHN，航班号：8912 样本不足(0条)
2026-06-26 14:03:57,138 DataFetchRules.py[line:222] INFO 【DataFetchRules】航班序号：75，起飞日期：06月30日，航段：KHNKWE，航班号：8911 样本不足(0条)
2026-06-26 14:03:58,525 DataFetchRules.py[line:222] INFO 【DataFetchRules】航班序号：81，起飞日期：06月30日，航段：KWEKHN，航班号：8912 样本不足(0条)
2026-06-26 17:18:06,686 run.py[line:57] INFO 定时任务已注册，进入轮询模式...
2026-06-26 18:02:00,315 run.py[line:126] INFO <<<<<<<<<<<<<<<<<<<<<<<<<<<<<<【航班动态定价托管】7.0.0 程序开始！>>>>>>>>>>>>>>>>>>>>>>>>>>>>>>
2026-06-26 18:02:09,191 database_oracle.py[line:572] INFO DP_EST_DATA_CHG进程执行完毕！
2026-06-26 18:02:09,210 KNNBasePredictor.py[line:296] INFO 【SoloFlightNumberIncreaseKNN】程序开始！
2026-06-26 18:02:09,223 KNNBasePredictor.py[line:322] INFO 【SoloFlightNumberIncreaseKNN】触发8进程模式，数据量：150
2026-06-26 18:02:17,623 SoloBkdSharpRise.py[line:74] INFO bkd_sharp_rise: 检测到 0 条航班触发订座突增提价
2026-06-26 18:02:17,638 SoloAdvicePrice.py[line:52] INFO 【SoloFltAdvicePrice】程序开始！
2026-06-26 18:02:17,721 run.py[line:87] INFO ===============SOLO_PART航班价格建议完成！===============
2026-06-26 18:02:18,104 basic_helper_fuction.py[line:234] INFO 生产环境接口：<Response [200]>
2026-06-26 19:02:00,981 run.py[line:126] INFO <<<<<<<<<<<<<<<<<<<<<<<<<<<<<<【航班动态定价托管】7.0.0 程序开始！>>>>>>>>>>>>>>>>>>>>>>>>>>>>>>
2026-06-26 19:02:11,023 database_oracle.py[line:572] INFO DP_EST_DATA_CHG进程执行完毕！
2026-06-26 19:02:11,036 KNNBasePredictor.py[line:296] INFO 【SoloFlightNumberIncreaseKNN】程序开始！
2026-06-26 19:02:11,067 KNNBasePredictor.py[line:322] INFO 【SoloFlightNumberIncreaseKNN】触发8进程模式，数据量：21
2026-06-26 19:02:15,714 SoloBkdSharpRise.py[line:74] INFO bkd_sharp_rise: 检测到 0 条航班触发订座突增提价
2026-06-26 19:02:15,722 SoloAdvicePrice.py[line:52] INFO 【SoloFltAdvicePrice】程序开始！
2026-06-26 19:02:15,765 run.py[line:87] INFO ===============SOLO_PART航班价格建议完成！===============
2026-06-26 19:02:15,836 basic_helper_fuction.py[line:234] INFO 生产环境接口：<Response [200]>
2026-06-26 20:02:00,806 run.py[line:126] INFO <<<<<<<<<<<<<<<<<<<<<<<<<<<<<<【航班动态定价托管】7.0.0 程序开始！>>>>>>>>>>>>>>>>>>>>>>>>>>>>>>
2026-06-26 20:02:05,994 database_oracle.py[line:572] INFO DP_EST_DATA_CHG进程执行完毕！
2026-06-26 20:02:06,011 KNNBasePredictor.py[line:296] INFO 【SoloFlightNumberIncreaseKNN】程序开始！
2026-06-26 20:02:06,020 KNNBasePredictor.py[line:322] INFO 【SoloFlightNumberIncreaseKNN】触发8进程模式，数据量：148
2026-06-26 20:02:13,595 SoloBkdSharpRise.py[line:74] INFO bkd_sharp_rise: 检测到 0 条航班触发订座突增提价
2026-06-26 20:02:13,604 SoloAdvicePrice.py[line:52] INFO 【SoloFltAdvicePrice】程序开始！
2026-06-26 20:02:13,666 run.py[line:87] INFO ===============SOLO_PART航班价格建议完成！===============
2026-06-26 20:02:14,047 basic_helper_fuction.py[line:234] INFO 生产环境接口：<Response [200]>
2026-06-26 20:42:03,952 run.py[line:37] INFO <<<<<<<<<<<<<<<<<<<<<<<<<<<<<<【航班动态定价托管】7.0.0 程序开始！>>>>>>>>>>>>>>>>>>>>>>>>>>>>>>
2026-06-26 20:42:03,952 basic_helper_fuction.py[line:62] INFO 检测到调试器已附加，自动禁用多进程模式
2026-06-26 20:42:03,953 run.py[line:95] INFO 多进程已禁用，程序将以单进程模式运行
2026-06-26 20:42:04,217 KNNBasePredictor.py[line:296] INFO 【SoloFlightNumberIncreaseKNN】程序开始！
2026-06-26 20:42:04,236 KNNBasePredictor.py[line:314] INFO 【SoloFlightNumberIncreaseKNN】多进程已被环境变量禁用，使用单进程模式，数据量：148
2026-06-26 20:42:04,237 KNNBasePredictor.py[line:267] INFO 【SoloFlightNumberIncreaseKNN】单进程模式，数据量：148
2026-06-26 20:42:09,523 DataFetchRules.py[line:222] INFO 【DataFetchRules】航班序号：26，起飞日期：06月28日，航段：KHNKWE，航班号：8911 样本不足(0条)
2026-06-26 20:42:10,664 DataFetchRules.py[line:222] INFO 【DataFetchRules】航班序号：31，起飞日期：06月28日，航段：KWEKHN，航班号：8912 样本不足(0条)
2026-06-26 20:42:16,512 DataFetchRules.py[line:222] INFO 【DataFetchRules】航班序号：64，起飞日期：06月30日，航段：KHNKWE，航班号：8911 样本不足(0条)
2026-06-26 20:42:17,755 DataFetchRules.py[line:222] INFO 【DataFetchRules】航班序号：70，起飞日期：06月30日，航段：KWEKHN，航班号：8912 样本不足(0条)
2026-06-26 20:42:20,948 DataFetchRules.py[line:222] INFO 【DataFetchRules】航班序号：86，起飞日期：07月01日，航段：KHNKWE，航班号：8911 样本不足(0条)
2026-06-26 20:42:22,360 DataFetchRules.py[line:222] INFO 【DataFetchRules】航班序号：92，起飞日期：07月01日，航段：KWEKHN，航班号：8912 样本不足(0条)
2026-06-26 20:42:26,127 DataFetchRules.py[line:222] INFO 【DataFetchRules】航班序号：110，起飞日期：07月02日，航段：KHNKWE，航班号：8911 样本不足(0条)
2026-06-26 20:42:27,801 DataFetchRules.py[line:222] INFO 【DataFetchRules】航班序号：116，起飞日期：07月02日，航段：KWEKHN，航班号：8912 样本不足(0条)
2026-06-26 20:42:31,505 DataFetchRules.py[line:222] INFO 【DataFetchRules】航班序号：132，起飞日期：07月03日，航段：KHNKWE，航班号：8911 样本不足(0条)
2026-06-26 20:42:32,902 DataFetchRules.py[line:222] INFO 【DataFetchRules】航班序号：138，起飞日期：07月03日，航段：KWEKHN，航班号：8912 样本不足(0条)
2026-06-26 20:42:35,027 SoloBkdSharpRise.py[line:74] INFO bkd_sharp_rise: 检测到 0 条航班触发订座突增提价
2026-06-26 20:42:35,047 SoloAdvicePrice.py[line:52] INFO 【SoloFltAdvicePrice】程序开始！
2026-06-26 20:43:50,464 run.py[line:87] INFO ===============SOLO_PART航班价格建议完成！===============
2026-06-26 20:45:12,918 run.py[line:37] INFO <<<<<<<<<<<<<<<<<<<<<<<<<<<<<<【航班动态定价托管】7.0.0 程序开始！>>>>>>>>>>>>>>>>>>>>>>>>>>>>>>
2026-06-26 20:45:12,919 basic_helper_fuction.py[line:62] INFO 检测到调试器已附加，自动禁用多进程模式
2026-06-26 20:45:12,919 run.py[line:95] INFO 多进程已禁用，程序将以单进程模式运行
2026-06-26 20:45:13,214 KNNBasePredictor.py[line:296] INFO 【SoloFlightNumberIncreaseKNN】程序开始！
2026-06-26 20:45:13,238 KNNBasePredictor.py[line:314] INFO 【SoloFlightNumberIncreaseKNN】多进程已被环境变量禁用，使用单进程模式，数据量：148
2026-06-26 20:45:13,239 KNNBasePredictor.py[line:267] INFO 【SoloFlightNumberIncreaseKNN】单进程模式，数据量：148
2026-06-26 20:45:17,864 DataFetchRules.py[line:222] INFO 【DataFetchRules】航班序号：26，起飞日期：06月28日，航段：KHNKWE，航班号：8911 样本不足(0条)
2026-06-26 20:45:18,954 DataFetchRules.py[line:222] INFO 【DataFetchRules】航班序号：31，起飞日期：06月28日，航段：KWEKHN，航班号：8912 样本不足(0条)
2026-06-26 20:45:24,585 DataFetchRules.py[line:222] INFO 【DataFetchRules】航班序号：64，起飞日期：06月30日，航段：KHNKWE，航班号：8911 样本不足(0条)
2026-06-26 20:45:25,811 DataFetchRules.py[line:222] INFO 【DataFetchRules】航班序号：70，起飞日期：06月30日，航段：KWEKHN，航班号：8912 样本不足(0条)
2026-06-26 20:45:28,925 DataFetchRules.py[line:222] INFO 【DataFetchRules】航班序号：86，起飞日期：07月01日，航段：KHNKWE，航班号：8911 样本不足(0条)
2026-06-26 20:45:30,365 DataFetchRules.py[line:222] INFO 【DataFetchRules】航班序号：92，起飞日期：07月01日，航段：KWEKHN，航班号：8912 样本不足(0条)
2026-06-26 20:45:33,986 DataFetchRules.py[line:222] INFO 【DataFetchRules】航班序号：110，起飞日期：07月02日，航段：KHNKWE，航班号：8911 样本不足(0条)
2026-06-26 20:45:35,579 DataFetchRules.py[line:222] INFO 【DataFetchRules】航班序号：116，起飞日期：07月02日，航段：KWEKHN，航班号：8912 样本不足(0条)
2026-06-26 20:45:39,142 DataFetchRules.py[line:222] INFO 【DataFetchRules】航班序号：132，起飞日期：07月03日，航段：KHNKWE，航班号：8911 样本不足(0条)
2026-06-26 20:45:40,500 DataFetchRules.py[line:222] INFO 【DataFetchRules】航班序号：138，起飞日期：07月03日，航段：KWEKHN，航班号：8912 样本不足(0条)
2026-06-26 20:45:42,658 SoloBkdSharpRise.py[line:74] INFO bkd_sharp_rise: 检测到 0 条航班触发订座突增提价
2026-06-26 20:45:42,675 SoloAdvicePrice.py[line:52] INFO 【SoloFltAdvicePrice】程序开始！
2026-06-26 20:45:52,934 run.py[line:87] INFO ===============SOLO_PART航班价格建议完成！===============
2026-06-26 20:47:25,914 run.py[line:37] INFO <<<<<<<<<<<<<<<<<<<<<<<<<<<<<<【航班动态定价托管】7.0.0 程序开始！>>>>>>>>>>>>>>>>>>>>>>>>>>>>>>
2026-06-26 20:47:25,915 basic_helper_fuction.py[line:62] INFO 检测到调试器已附加，自动禁用多进程模式
2026-06-26 20:47:25,915 run.py[line:95] INFO 多进程已禁用，程序将以单进程模式运行
2026-06-26 20:47:26,219 KNNBasePredictor.py[line:296] INFO 【SoloFlightNumberIncreaseKNN】程序开始！
2026-06-26 20:47:26,232 KNNBasePredictor.py[line:314] INFO 【SoloFlightNumberIncreaseKNN】多进程已被环境变量禁用，使用单进程模式，数据量：148
2026-06-26 20:47:26,232 KNNBasePredictor.py[line:267] INFO 【SoloFlightNumberIncreaseKNN】单进程模式，数据量：148
2026-06-26 20:47:30,886 DataFetchRules.py[line:222] INFO 【DataFetchRules】航班序号：26，起飞日期：06月28日，航段：KHNKWE，航班号：8911 样本不足(0条)
2026-06-26 20:47:32,002 DataFetchRules.py[line:222] INFO 【DataFetchRules】航班序号：31，起飞日期：06月28日，航段：KWEKHN，航班号：8912 样本不足(0条)
2026-06-26 20:47:37,935 DataFetchRules.py[line:222] INFO 【DataFetchRules】航班序号：64，起飞日期：06月30日，航段：KHNKWE，航班号：8911 样本不足(0条)
2026-06-26 20:47:39,200 DataFetchRules.py[line:222] INFO 【DataFetchRules】航班序号：70，起飞日期：06月30日，航段：KWEKHN，航班号：8912 样本不足(0条)
2026-06-26 20:47:42,346 DataFetchRules.py[line:222] INFO 【DataFetchRules】航班序号：86，起飞日期：07月01日，航段：KHNKWE，航班号：8911 样本不足(0条)
2026-06-26 20:47:43,820 DataFetchRules.py[line:222] INFO 【DataFetchRules】航班序号：92，起飞日期：07月01日，航段：KWEKHN，航班号：8912 样本不足(0条)
2026-06-26 20:47:47,637 DataFetchRules.py[line:222] INFO 【DataFetchRules】航班序号：110，起飞日期：07月02日，航段：KHNKWE，航班号：8911 样本不足(0条)
2026-06-26 20:47:49,334 DataFetchRules.py[line:222] INFO 【DataFetchRules】航班序号：116，起飞日期：07月02日，航段：KWEKHN，航班号：8912 样本不足(0条)
2026-06-26 20:47:53,095 DataFetchRules.py[line:222] INFO 【DataFetchRules】航班序号：132，起飞日期：07月03日，航段：KHNKWE，航班号：8911 样本不足(0条)
2026-06-26 20:47:54,530 DataFetchRules.py[line:222] INFO 【DataFetchRules】航班序号：138，起飞日期：07月03日，航段：KWEKHN，航班号：8912 样本不足(0条)
2026-06-26 20:47:56,730 SoloBkdSharpRise.py[line:74] INFO bkd_sharp_rise: 检测到 0 条航班触发订座突增提价
2026-06-26 20:47:56,750 SoloAdvicePrice.py[line:52] INFO 【SoloFltAdvicePrice】程序开始！
2026-06-26 20:48:12,783 run.py[line:87] INFO ===============SOLO_PART航班价格建议完成！===============
2026-06-26 20:49:05,743 basic_helper_fuction.py[line:234] INFO 生产环境接口：<Response [400]>
2026-06-26 20:50:27,841 run.py[line:37] INFO <<<<<<<<<<<<<<<<<<<<<<<<<<<<<<【航班动态定价托管】7.0.0 程序开始！>>>>>>>>>>>>>>>>>>>>>>>>>>>>>>
2026-06-26 20:50:27,841 basic_helper_fuction.py[line:62] INFO 检测到调试器已附加，自动禁用多进程模式
2026-06-26 20:50:27,842 run.py[line:95] INFO 多进程已禁用，程序将以单进程模式运行
2026-06-26 20:50:28,083 KNNBasePredictor.py[line:296] INFO 【SoloFlightNumberIncreaseKNN】程序开始！
2026-06-26 20:50:28,098 KNNBasePredictor.py[line:314] INFO 【SoloFlightNumberIncreaseKNN】多进程已被环境变量禁用，使用单进程模式，数据量：148
2026-06-26 20:50:28,099 KNNBasePredictor.py[line:267] INFO 【SoloFlightNumberIncreaseKNN】单进程模式，数据量：148
2026-06-26 20:50:33,067 DataFetchRules.py[line:222] INFO 【DataFetchRules】航班序号：26，起飞日期：06月28日，航段：KHNKWE，航班号：8911 样本不足(0条)
2026-06-26 20:50:34,205 DataFetchRules.py[line:222] INFO 【DataFetchRules】航班序号：31，起飞日期：06月28日，航段：KWEKHN，航班号：8912 样本不足(0条)
2026-06-26 20:50:40,012 DataFetchRules.py[line:222] INFO 【DataFetchRules】航班序号：64，起飞日期：06月30日，航段：KHNKWE，航班号：8911 样本不足(0条)
2026-06-26 20:50:41,253 DataFetchRules.py[line:222] INFO 【DataFetchRules】航班序号：70，起飞日期：06月30日，航段：KWEKHN，航班号：8912 样本不足(0条)
2026-06-26 20:50:44,351 DataFetchRules.py[line:222] INFO 【DataFetchRules】航班序号：86，起飞日期：07月01日，航段：KHNKWE，航班号：8911 样本不足(0条)
2026-06-26 20:50:45,808 DataFetchRules.py[line:222] INFO 【DataFetchRules】航班序号：92，起飞日期：07月01日，航段：KWEKHN，航班号：8912 样本不足(0条)
2026-06-26 20:50:49,558 DataFetchRules.py[line:222] INFO 【DataFetchRules】航班序号：110，起飞日期：07月02日，航段：KHNKWE，航班号：8911 样本不足(0条)
2026-06-26 20:50:51,227 DataFetchRules.py[line:222] INFO 【DataFetchRules】航班序号：116，起飞日期：07月02日，航段：KWEKHN，航班号：8912 样本不足(0条)
2026-06-26 20:50:54,865 DataFetchRules.py[line:222] INFO 【DataFetchRules】航班序号：132，起飞日期：07月03日，航段：KHNKWE，航班号：8911 样本不足(0条)
2026-06-26 20:50:56,263 DataFetchRules.py[line:222] INFO 【DataFetchRules】航班序号：138，起飞日期：07月03日，航段：KWEKHN，航班号：8912 样本不足(0条)
2026-06-26 20:50:58,467 SoloBkdSharpRise.py[line:74] INFO bkd_sharp_rise: 检测到 0 条航班触发订座突增提价
2026-06-26 20:50:58,487 SoloAdvicePrice.py[line:52] INFO 【SoloFltAdvicePrice】程序开始！
2026-06-26 20:51:08,361 run.py[line:87] INFO ===============SOLO_PART航班价格建议完成！===============
2026-06-26 20:52:44,650 run.py[line:37] INFO <<<<<<<<<<<<<<<<<<<<<<<<<<<<<<【航班动态定价托管】7.0.0 程序开始！>>>>>>>>>>>>>>>>>>>>>>>>>>>>>>
2026-06-26 20:52:44,651 basic_helper_fuction.py[line:62] INFO 检测到调试器已附加，自动禁用多进程模式
2026-06-26 20:52:44,652 run.py[line:95] INFO 多进程已禁用，程序将以单进程模式运行
2026-06-26 20:52:44,923 KNNBasePredictor.py[line:296] INFO 【SoloFlightNumberIncreaseKNN】程序开始！
2026-06-26 20:52:44,936 KNNBasePredictor.py[line:314] INFO 【SoloFlightNumberIncreaseKNN】多进程已被环境变量禁用，使用单进程模式，数据量：148
2026-06-26 20:52:44,936 KNNBasePredictor.py[line:267] INFO 【SoloFlightNumberIncreaseKNN】单进程模式，数据量：148
2026-06-26 20:52:49,669 DataFetchRules.py[line:222] INFO 【DataFetchRules】航班序号：26，起飞日期：06月28日，航段：KHNKWE，航班号：8911 样本不足(0条)
2026-06-26 20:52:50,803 DataFetchRules.py[line:222] INFO 【DataFetchRules】航班序号：31，起飞日期：06月28日，航段：KWEKHN，航班号：8912 样本不足(0条)
2026-06-26 20:52:56,766 DataFetchRules.py[line:222] INFO 【DataFetchRules】航班序号：64，起飞日期：06月30日，航段：KHNKWE，航班号：8911 样本不足(0条)
2026-06-26 20:52:57,999 DataFetchRules.py[line:222] INFO 【DataFetchRules】航班序号：70，起飞日期：06月30日，航段：KWEKHN，航班号：8912 样本不足(0条)
2026-06-26 20:53:01,151 DataFetchRules.py[line:222] INFO 【DataFetchRules】航班序号：86，起飞日期：07月01日，航段：KHNKWE，航班号：8911 样本不足(0条)
2026-06-26 20:53:02,557 DataFetchRules.py[line:222] INFO 【DataFetchRules】航班序号：92，起飞日期：07月01日，航段：KWEKHN，航班号：8912 样本不足(0条)
2026-06-26 20:53:06,249 DataFetchRules.py[line:222] INFO 【DataFetchRules】航班序号：110，起飞日期：07月02日，航段：KHNKWE，航班号：8911 样本不足(0条)
2026-06-26 20:53:07,867 DataFetchRules.py[line:222] INFO 【DataFetchRules】航班序号：116，起飞日期：07月02日，航段：KWEKHN，航班号：8912 样本不足(0条)
2026-06-26 20:53:11,572 DataFetchRules.py[line:222] INFO 【DataFetchRules】航班序号：132，起飞日期：07月03日，航段：KHNKWE，航班号：8911 样本不足(0条)
2026-06-26 20:53:12,978 DataFetchRules.py[line:222] INFO 【DataFetchRules】航班序号：138，起飞日期：07月03日，航段：KWEKHN，航班号：8912 样本不足(0条)
2026-06-26 20:53:15,085 SoloBkdSharpRise.py[line:74] INFO bkd_sharp_rise: 检测到 0 条航班触发订座突增提价
2026-06-26 20:53:15,102 SoloAdvicePrice.py[line:52] INFO 【SoloFltAdvicePrice】程序开始！
2026-06-26 20:53:22,726 run.py[line:87] INFO ===============SOLO_PART航班价格建议完成！===============
2026-06-26 20:54:15,427 basic_helper_fuction.py[line:234] INFO 生产环境接口：<Response [200]>
2026-06-26 20:58:22,988 run.py[line:57] INFO 定时任务已注册，进入轮询模式...
2026-06-26 21:02:00,320 run.py[line:126] INFO <<<<<<<<<<<<<<<<<<<<<<<<<<<<<<【航班动态定价托管】7.0.0 程序开始！>>>>>>>>>>>>>>>>>>>>>>>>>>>>>>
2026-06-26 21:02:09,888 database_oracle.py[line:572] INFO DP_EST_DATA_CHG进程执行完毕！
2026-06-26 21:02:09,904 KNNBasePredictor.py[line:296] INFO 【SoloFlightNumberIncreaseKNN】程序开始！
2026-06-26 21:02:09,913 KNNBasePredictor.py[line:322] INFO 【SoloFlightNumberIncreaseKNN】触发8进程模式，数据量：20
2026-06-26 21:02:14,811 SoloBkdSharpRise.py[line:74] INFO bkd_sharp_rise: 检测到 0 条航班触发订座突增提价
2026-06-26 21:02:14,820 SoloAdvicePrice.py[line:52] INFO 【SoloFltAdvicePrice】程序开始！
2026-06-26 21:02:14,876 run.py[line:87] INFO ===============SOLO_PART航班价格建议完成！===============
2026-06-26 21:02:15,059 basic_helper_fuction.py[line:234] INFO 生产环境接口：<Response [200]>
2026-06-26 22:03:00,549 run.py[line:126] INFO <<<<<<<<<<<<<<<<<<<<<<<<<<<<<<【航班动态定价托管】7.0.0 程序开始！>>>>>>>>>>>>>>>>>>>>>>>>>>>>>>
2026-06-26 22:03:03,194 database_oracle.py[line:572] INFO DP_EST_DATA_CHG进程执行完毕！
2026-06-26 22:03:03,212 KNNBasePredictor.py[line:296] INFO 【SoloFlightNumberIncreaseKNN】程序开始！
2026-06-26 22:03:03,223 KNNBasePredictor.py[line:322] INFO 【SoloFlightNumberIncreaseKNN】触发8进程模式，数据量：148
2026-06-26 22:03:10,943 SoloBkdSharpRise.py[line:74] INFO bkd_sharp_rise: 检测到 0 条航班触发订座突增提价
2026-06-26 22:03:10,952 SoloAdvicePrice.py[line:52] INFO 【SoloFltAdvicePrice】程序开始！
2026-06-26 22:03:11,007 run.py[line:87] INFO ===============SOLO_PART航班价格建议完成！===============
2026-06-26 22:03:11,166 basic_helper_fuction.py[line:234] INFO 生产环境接口：<Response [200]>
2026-06-26 23:02:00,494 run.py[line:126] INFO <<<<<<<<<<<<<<<<<<<<<<<<<<<<<<【航班动态定价托管】7.0.0 程序开始！>>>>>>>>>>>>>>>>>>>>>>>>>>>>>>
2026-06-26 23:02:03,104 database_oracle.py[line:572] INFO DP_EST_DATA_CHG进程执行完毕！
2026-06-26 23:02:03,116 KNNBasePredictor.py[line:296] INFO 【SoloFlightNumberIncreaseKNN】程序开始！
2026-06-26 23:02:03,126 KNNBasePredictor.py[line:322] INFO 【SoloFlightNumberIncreaseKNN】触发8进程模式，数据量：20
2026-06-26 23:02:13,322 SoloBkdSharpRise.py[line:74] INFO bkd_sharp_rise: 检测到 0 条航班触发订座突增提价
2026-06-26 23:02:13,330 SoloAdvicePrice.py[line:52] INFO 【SoloFltAdvicePrice】程序开始！
2026-06-26 23:02:13,376 run.py[line:87] INFO ===============SOLO_PART航班价格建议完成！===============
2026-06-26 23:02:13,455 basic_helper_fuction.py[line:234] INFO 生产环境接口：<Response [200]>
2026-06-27 00:02:00,722 run.py[line:126] INFO <<<<<<<<<<<<<<<<<<<<<<<<<<<<<<【航班动态定价托管】7.0.0 程序开始！>>>>>>>>>>>>>>>>>>>>>>>>>>>>>>
2026-06-27 00:02:10,790 database_oracle.py[line:572] INFO DP_EST_DATA_CHG进程执行完毕！
2026-06-27 00:02:10,807 KNNBasePredictor.py[line:296] INFO 【SoloFlightNumberIncreaseKNN】程序开始！
2026-06-27 00:02:10,818 KNNBasePredictor.py[line:322] INFO 【SoloFlightNumberIncreaseKNN】触发8进程模式，数据量：168
2026-06-27 00:02:18,795 SoloBkdSharpRise.py[line:74] INFO bkd_sharp_rise: 检测到 0 条航班触发订座突增提价
2026-06-27 00:02:18,806 SoloAdvicePrice.py[line:52] INFO 【SoloFltAdvicePrice】程序开始！
2026-06-27 00:02:18,864 run.py[line:87] INFO ===============SOLO_PART航班价格建议完成！===============
2026-06-27 00:02:19,281 basic_helper_fuction.py[line:234] INFO 生产环境接口：<Response [200]>
2026-06-27 01:02:00,658 run.py[line:126] INFO <<<<<<<<<<<<<<<<<<<<<<<<<<<<<<【航班动态定价托管】7.0.0 程序开始！>>>>>>>>>>>>>>>>>>>>>>>>>>>>>>
2026-06-27 01:02:12,667 database_oracle.py[line:572] INFO DP_EST_DATA_CHG进程执行完毕！
2026-06-27 01:02:12,684 KNNBasePredictor.py[line:296] INFO 【SoloFlightNumberIncreaseKNN】程序开始！
2026-06-27 01:02:12,696 KNNBasePredictor.py[line:322] INFO 【SoloFlightNumberIncreaseKNN】触发8进程模式，数据量：37
2026-06-27 01:02:17,841 SoloBkdSharpRise.py[line:74] INFO bkd_sharp_rise: 检测到 0 条航班触发订座突增提价
2026-06-27 01:02:17,850 SoloAdvicePrice.py[line:52] INFO 【SoloFltAdvicePrice】程序开始！
2026-06-27 01:02:17,903 run.py[line:87] INFO ===============SOLO_PART航班价格建议完成！===============
2026-06-27 01:02:18,032 basic_helper_fuction.py[line:234] INFO 生产环境接口：<Response [200]>
2026-06-27 02:02:01,471 run.py[line:126] INFO <<<<<<<<<<<<<<<<<<<<<<<<<<<<<<【航班动态定价托管】7.0.0 程序开始！>>>>>>>>>>>>>>>>>>>>>>>>>>>>>>
2026-06-27 02:02:11,947 database_oracle.py[line:572] INFO DP_EST_DATA_CHG进程执行完毕！
2026-06-27 02:02:11,962 KNNBasePredictor.py[line:296] INFO 【SoloFlightNumberIncreaseKNN】程序开始！
2026-06-27 02:02:11,976 KNNBasePredictor.py[line:322] INFO 【SoloFlightNumberIncreaseKNN】触发8进程模式，数据量：38
2026-06-27 02:02:17,174 SoloBkdSharpRise.py[line:74] INFO bkd_sharp_rise: 检测到 0 条航班触发订座突增提价
2026-06-27 02:02:17,183 SoloAdvicePrice.py[line:52] INFO 【SoloFltAdvicePrice】程序开始！
2026-06-27 02:02:17,239 run.py[line:87] INFO ===============SOLO_PART航班价格建议完成！===============
2026-06-27 02:02:17,355 basic_helper_fuction.py[line:234] INFO 生产环境接口：<Response [200]>
2026-06-27 03:00:00,309 send_mail.py[line:104] INFO IMAP 连接成功 | host=mail.xiamenair.com.cn:993
2026-06-27 03:00:00,355 send_mail.py[line:188] INFO IMAP 登录成功 | user=ps_rms@xiamenair.com
2026-06-27 03:00:00,362 send_mail.py[line:141] INFO 发件箱文件夹已定位 | folder="Sent Items"
2026-06-27 03:00:00,364 send_mail.py[line:211] INFO 按天数清理：无需清理 | keep_days=30
2026-06-27 03:00:00,366 send_mail.py[line:233] INFO 按数量清理：无需清理 | keep_max=200 | 当前邮件数=84
2026-06-27 03:00:00,366 send_mail.py[line:238] INFO 发件箱清理完成 | keep_days=30 | keep_max=200
2026-06-27 03:02:00,270 run.py[line:126] INFO <<<<<<<<<<<<<<<<<<<<<<<<<<<<<<【航班动态定价托管】7.0.0 程序开始！>>>>>>>>>>>>>>>>>>>>>>>>>>>>>>
2026-06-27 03:02:12,094 database_oracle.py[line:572] INFO DP_EST_DATA_CHG进程执行完毕！
2026-06-27 03:02:12,109 KNNBasePredictor.py[line:296] INFO 【SoloFlightNumberIncreaseKNN】程序开始！
2026-06-27 03:02:12,119 KNNBasePredictor.py[line:322] INFO 【SoloFlightNumberIncreaseKNN】触发8进程模式，数据量：38
2026-06-27 03:02:17,520 SoloBkdSharpRise.py[line:74] INFO bkd_sharp_rise: 检测到 0 条航班触发订座突增提价
2026-06-27 03:02:17,529 SoloAdvicePrice.py[line:52] INFO 【SoloFltAdvicePrice】程序开始！
2026-06-27 03:02:17,590 run.py[line:87] INFO ===============SOLO_PART航班价格建议完成！===============
2026-06-27 03:02:17,675 basic_helper_fuction.py[line:234] INFO 生产环境接口：<Response [200]>
2026-06-27 04:03:00,096 run.py[line:126] INFO <<<<<<<<<<<<<<<<<<<<<<<<<<<<<<【航班动态定价托管】7.0.0 程序开始！>>>>>>>>>>>>>>>>>>>>>>>>>>>>>>
2026-06-27 04:03:06,061 database_oracle.py[line:572] INFO DP_EST_DATA_CHG进程执行完毕！
2026-06-27 04:03:06,077 KNNBasePredictor.py[line:296] INFO 【SoloFlightNumberIncreaseKNN】程序开始！
2026-06-27 04:03:06,087 KNNBasePredictor.py[line:322] INFO 【SoloFlightNumberIncreaseKNN】触发8进程模式，数据量：168
2026-06-27 04:03:14,415 SoloBkdSharpRise.py[line:74] INFO bkd_sharp_rise: 检测到 0 条航班触发订座突增提价
2026-06-27 04:03:14,423 SoloAdvicePrice.py[line:52] INFO 【SoloFltAdvicePrice】程序开始！
2026-06-27 04:03:14,479 run.py[line:87] INFO ===============SOLO_PART航班价格建议完成！===============
2026-06-27 04:03:14,816 basic_helper_fuction.py[line:234] INFO 生产环境接口：<Response [200]>
2026-06-27 05:02:04,157 run.py[line:126] INFO <<<<<<<<<<<<<<<<<<<<<<<<<<<<<<【航班动态定价托管】7.0.0 程序开始！>>>>>>>>>>>>>>>>>>>>>>>>>>>>>>
2026-06-27 05:02:07,820 database_oracle.py[line:572] INFO DP_EST_DATA_CHG进程执行完毕！
2026-06-27 05:02:07,835 KNNBasePredictor.py[line:296] INFO 【SoloFlightNumberIncreaseKNN】程序开始！
2026-06-27 05:02:07,846 KNNBasePredictor.py[line:322] INFO 【SoloFlightNumberIncreaseKNN】触发8进程模式，数据量：38
2026-06-27 05:02:12,239 SoloBkdSharpRise.py[line:74] INFO bkd_sharp_rise: 检测到 0 条航班触发订座突增提价
2026-06-27 05:02:12,247 SoloAdvicePrice.py[line:52] INFO 【SoloFltAdvicePrice】程序开始！
2026-06-27 05:02:12,300 run.py[line:87] INFO ===============SOLO_PART航班价格建议完成！===============
2026-06-27 05:02:12,358 basic_helper_fuction.py[line:234] INFO 生产环境接口：<Response [200]>
2026-06-27 08:00:00,745 basic_helper_fuction.py[line:128] WARNING 动态定价采集程序过期超过150分钟，后续数据缺失，请注意检查相关程序！！！
2026-06-27 08:00:21,811 send_mail.py[line:65] INFO 邮件发送成功 | Subject=【动态定价采集程序报错】 | Recipients=['sujichao_123@163.com']
2026-06-27 08:39:03,708 run.py[line:126] INFO <<<<<<<<<<<<<<<<<<<<<<<<<<<<<<【航班动态定价托管】7.0.0 程序开始！>>>>>>>>>>>>>>>>>>>>>>>>>>>>>>
2026-06-27 08:39:43,838 database_oracle.py[line:572] INFO DP_EST_DATA_CHG进程执行完毕！
2026-06-27 08:39:43,880 KNNBasePredictor.py[line:296] INFO 【SoloFlightNumberIncreaseKNN】程序开始！
2026-06-27 08:39:43,905 KNNBasePredictor.py[line:322] INFO 【SoloFlightNumberIncreaseKNN】触发8进程模式，数据量：717
2026-06-27 08:40:16,339 SoloBkdSharpRise.py[line:74] INFO bkd_sharp_rise: 检测到 0 条航班触发订座突增提价
2026-06-27 08:40:16,350 SoloAdvicePrice.py[line:52] INFO 【SoloFltAdvicePrice】程序开始！
2026-06-27 08:40:16,451 run.py[line:87] INFO ===============SOLO_PART航班价格建议完成！===============
2026-06-27 08:40:22,539 basic_helper_fuction.py[line:234] INFO 生产环境接口：<Response [200]>
2026-06-27 09:03:00,362 run.py[line:126] INFO <<<<<<<<<<<<<<<<<<<<<<<<<<<<<<【航班动态定价托管】7.0.0 程序开始！>>>>>>>>>>>>>>>>>>>>>>>>>>>>>>
2026-06-27 09:03:46,241 database_oracle.py[line:572] INFO DP_EST_DATA_CHG进程执行完毕！
2026-06-27 09:03:46,257 KNNBasePredictor.py[line:296] INFO 【SoloFlightNumberIncreaseKNN】程序开始！
2026-06-27 09:03:46,279 KNNBasePredictor.py[line:322] INFO 【SoloFlightNumberIncreaseKNN】触发8进程模式，数据量：34
2026-06-27 09:03:56,909 SoloBkdSharpRise.py[line:74] INFO bkd_sharp_rise: 检测到 0 条航班触发订座突增提价
2026-06-27 09:03:56,918 SoloAdvicePrice.py[line:52] INFO 【SoloFltAdvicePrice】程序开始！
2026-06-27 09:03:56,996 run.py[line:87] INFO ===============SOLO_PART航班价格建议完成！===============
2026-06-27 09:03:58,216 basic_helper_fuction.py[line:234] INFO 生产环境接口：<Response [200]>
2026-06-27 10:02:00,534 run.py[line:126] INFO <<<<<<<<<<<<<<<<<<<<<<<<<<<<<<【航班动态定价托管】7.0.0 程序开始！>>>>>>>>>>>>>>>>>>>>>>>>>>>>>>
2026-06-27 10:02:28,662 database_oracle.py[line:572] INFO DP_EST_DATA_CHG进程执行完毕！
2026-06-27 10:02:28,681 KNNBasePredictor.py[line:296] INFO 【SoloFlightNumberIncreaseKNN】程序开始！
2026-06-27 10:02:28,696 KNNBasePredictor.py[line:322] INFO 【SoloFlightNumberIncreaseKNN】触发8进程模式，数据量：161
2026-06-27 10:02:39,202 SoloBkdSharpRise.py[line:74] INFO bkd_sharp_rise: 检测到 0 条航班触发订座突增提价
2026-06-27 10:02:39,210 SoloAdvicePrice.py[line:52] INFO 【SoloFltAdvicePrice】程序开始！
2026-06-27 10:02:39,275 run.py[line:87] INFO ===============SOLO_PART航班价格建议完成！===============
2026-06-27 10:02:39,799 basic_helper_fuction.py[line:234] INFO 生产环境接口：<Response [200]>
2026-06-27 10:15:27,147 run.py[line:37] INFO <<<<<<<<<<<<<<<<<<<<<<<<<<<<<<【航班动态定价托管】7.0.0 程序开始！>>>>>>>>>>>>>>>>>>>>>>>>>>>>>>
2026-06-27 10:15:27,368 KNNBasePredictor.py[line:296] INFO 【SoloFlightNumberIncreaseKNN】程序开始！
2026-06-27 10:15:27,381 KNNBasePredictor.py[line:322] INFO 【SoloFlightNumberIncreaseKNN】触发8进程模式，数据量：161
2026-06-27 10:15:35,680 SoloBkdSharpRise.py[line:74] INFO bkd_sharp_rise: 检测到 0 条航班触发订座突增提价
2026-06-27 10:15:35,690 SoloAdvicePrice.py[line:52] INFO 【SoloFltAdvicePrice】程序开始！
2026-06-27 10:15:35,798 run.py[line:87] INFO ===============SOLO_PART航班价格建议完成！===============
2026-06-27 10:15:36,569 basic_helper_fuction.py[line:234] INFO 生产环境接口：<Response [200]>
2026-06-27 10:20:39,347 basic_helper_fuction.py[line:219] WARNING 程序临时执行，删除由此产生的重复数据！
2026-06-27 10:20:39,348 run.py[line:57] INFO 定时任务已注册，进入轮询模式...
2026-06-27 11:02:00,108 run.py[line:126] INFO <<<<<<<<<<<<<<<<<<<<<<<<<<<<<<【航班动态定价托管】7.0.0 程序开始！>>>>>>>>>>>>>>>>>>>>>>>>>>>>>>
2026-06-27 11:02:23,728 database_oracle.py[line:572] INFO DP_EST_DATA_CHG进程执行完毕！
2026-06-27 11:02:23,742 KNNBasePredictor.py[line:296] INFO 【SoloFlightNumberIncreaseKNN】程序开始！
2026-06-27 11:02:23,773 KNNBasePredictor.py[line:322] INFO 【SoloFlightNumberIncreaseKNN】触发8进程模式，数据量：30
2026-06-27 11:02:28,835 SoloBkdSharpRise.py[line:74] INFO bkd_sharp_rise: 检测到 0 条航班触发订座突增提价
2026-06-27 11:02:28,845 SoloAdvicePrice.py[line:52] INFO 【SoloFltAdvicePrice】程序开始！
2026-06-27 11:02:28,908 run.py[line:87] INFO ===============SOLO_PART航班价格建议完成！===============
2026-06-27 11:02:29,216 basic_helper_fuction.py[line:234] INFO 生产环境接口：<Response [200]>
2026-06-27 11:08:34,823 run.py[line:37] INFO <<<<<<<<<<<<<<<<<<<<<<<<<<<<<<【航班动态定价托管】7.0.0 程序开始！>>>>>>>>>>>>>>>>>>>>>>>>>>>>>>
2026-06-27 11:08:34,823 basic_helper_fuction.py[line:62] INFO 检测到调试器已附加，自动禁用多进程模式
2026-06-27 11:08:34,824 run.py[line:95] INFO 多进程已禁用，程序将以单进程模式运行
2026-06-27 11:08:35,056 KNNBasePredictor.py[line:296] INFO 【SoloFlightNumberIncreaseKNN】程序开始！
2026-06-27 11:08:35,066 KNNBasePredictor.py[line:322] INFO 【SoloFlightNumberIncreaseKNN】触发8进程模式，数据量：30
2026-06-27 11:08:52,938 run.py[line:37] INFO <<<<<<<<<<<<<<<<<<<<<<<<<<<<<<【航班动态定价托管】7.0.0 程序开始！>>>>>>>>>>>>>>>>>>>>>>>>>>>>>>
2026-06-27 11:08:52,939 basic_helper_fuction.py[line:62] INFO 检测到调试器已附加，自动禁用多进程模式
2026-06-27 11:08:52,940 run.py[line:95] INFO 多进程已禁用，程序将以单进程模式运行
2026-06-27 11:08:53,159 KNNBasePredictor.py[line:296] INFO 【SoloFlightNumberIncreaseKNN】程序开始！
2026-06-27 11:08:53,168 KNNBasePredictor.py[line:322] INFO 【SoloFlightNumberIncreaseKNN】触发8进程模式，数据量：30
2026-06-27 11:09:49,052 run.py[line:37] INFO <<<<<<<<<<<<<<<<<<<<<<<<<<<<<<【航班动态定价托管】7.0.0 程序开始！>>>>>>>>>>>>>>>>>>>>>>>>>>>>>>
2026-06-27 11:09:49,053 basic_helper_fuction.py[line:62] INFO 检测到调试器已附加，自动禁用多进程模式
2026-06-27 11:09:49,054 run.py[line:95] INFO 多进程已禁用，程序将以单进程模式运行
2026-06-27 11:09:49,276 KNNBasePredictor.py[line:296] INFO 【SoloFlightNumberIncreaseKNN】程序开始！
2026-06-27 11:09:49,287 KNNBasePredictor.py[line:322] INFO 【SoloFlightNumberIncreaseKNN】触发8进程模式，数据量：30
2026-06-27 11:09:54,815 SoloBkdSharpRise.py[line:74] INFO bkd_sharp_rise: 检测到 0 条航班触发订座突增提价
2026-06-27 11:09:54,839 SoloAdvicePrice.py[line:52] INFO 【SoloFltAdvicePrice】程序开始！
2026-06-27 11:15:11,347 run.py[line:37] INFO <<<<<<<<<<<<<<<<<<<<<<<<<<<<<<【航班动态定价托管】7.0.0 程序开始！>>>>>>>>>>>>>>>>>>>>>>>>>>>>>>
2026-06-27 11:15:11,348 basic_helper_fuction.py[line:62] INFO 检测到调试器已附加，自动禁用多进程模式
2026-06-27 11:15:11,348 run.py[line:95] INFO 多进程已禁用，程序将以单进程模式运行
2026-06-27 11:15:11,604 KNNBasePredictor.py[line:296] INFO 【SoloFlightNumberIncreaseKNN】程序开始！
2026-06-27 11:15:11,614 KNNBasePredictor.py[line:322] INFO 【SoloFlightNumberIncreaseKNN】触发8进程模式，数据量：30
2026-06-27 11:15:17,108 SoloBkdSharpRise.py[line:74] INFO bkd_sharp_rise: 检测到 0 条航班触发订座突增提价
2026-06-27 11:15:17,126 SoloAdvicePrice.py[line:52] INFO 【SoloFltAdvicePrice】程序开始！
2026-06-27 11:18:56,585 run.py[line:37] INFO <<<<<<<<<<<<<<<<<<<<<<<<<<<<<<【航班动态定价托管】7.0.0 程序开始！>>>>>>>>>>>>>>>>>>>>>>>>>>>>>>
2026-06-27 11:18:56,905 KNNBasePredictor.py[line:296] INFO 【SoloFlightNumberIncreaseKNN】程序开始！
2026-06-27 11:18:56,914 KNNBasePredictor.py[line:322] INFO 【SoloFlightNumberIncreaseKNN】触发8进程模式，数据量：30
2026-06-27 11:19:03,955 SoloBkdSharpRise.py[line:74] INFO bkd_sharp_rise: 检测到 0 条航班触发订座突增提价
2026-06-27 11:19:03,964 SoloAdvicePrice.py[line:52] INFO 【SoloFltAdvicePrice】程序开始！
2026-06-27 11:19:04,296 run.py[line:87] INFO ===============SOLO_PART航班价格建议完成！===============
2026-06-27 11:19:04,572 basic_helper_fuction.py[line:234] INFO 生产环境接口：<Response [200]>
2026-06-27 11:22:49,725 basic_helper_fuction.py[line:219] WARNING 程序临时执行，删除由此产生的重复数据！
2026-06-27 11:22:49,726 run.py[line:57] INFO 定时任务已注册，进入轮询模式...
2026-06-27 12:04:00,906 run.py[line:126] INFO <<<<<<<<<<<<<<<<<<<<<<<<<<<<<<【航班动态定价托管】7.0.0 程序开始！>>>>>>>>>>>>>>>>>>>>>>>>>>>>>>
2026-06-27 12:04:20,063 database_oracle.py[line:572] INFO DP_EST_DATA_CHG进程执行完毕！
2026-06-27 12:04:20,104 KNNBasePredictor.py[line:296] INFO 【SoloFlightNumberIncreaseKNN】程序开始！
2026-06-27 12:04:20,126 KNNBasePredictor.py[line:322] INFO 【SoloFlightNumberIncreaseKNN】触发8进程模式，数据量：708
2026-06-27 12:04:51,676 SoloBkdSharpRise.py[line:74] INFO bkd_sharp_rise: 检测到 0 条航班触发订座突增提价
2026-06-27 12:04:51,685 SoloAdvicePrice.py[line:52] INFO 【SoloFltAdvicePrice】程序开始！
2026-06-27 12:04:51,792 run.py[line:87] INFO ===============SOLO_PART航班价格建议完成！===============
2026-06-27 12:04:57,302 basic_helper_fuction.py[line:234] INFO 生产环境接口：<Response [200]>
2026-06-27 13:02:00,952 run.py[line:126] INFO <<<<<<<<<<<<<<<<<<<<<<<<<<<<<<【航班动态定价托管】7.0.0 程序开始！>>>>>>>>>>>>>>>>>>>>>>>>>>>>>>
2026-06-27 13:02:18,039 database_oracle.py[line:572] INFO DP_EST_DATA_CHG进程执行完毕！
2026-06-27 13:02:18,053 KNNBasePredictor.py[line:296] INFO 【SoloFlightNumberIncreaseKNN】程序开始！
2026-06-27 13:02:18,071 KNNBasePredictor.py[line:322] INFO 【SoloFlightNumberIncreaseKNN】触发8进程模式，数据量：27
2026-06-27 13:02:22,800 SoloBkdSharpRise.py[line:74] INFO bkd_sharp_rise: 检测到 0 条航班触发订座突增提价
2026-06-27 13:02:22,809 SoloAdvicePrice.py[line:52] INFO 【SoloFltAdvicePrice】程序开始！
2026-06-27 13:02:22,883 run.py[line:87] INFO ===============SOLO_PART航班价格建议完成！===============
2026-06-27 13:02:24,003 basic_helper_fuction.py[line:234] INFO 生产环境接口：<Response [200]>
2026-06-27 14:02:00,263 run.py[line:126] INFO <<<<<<<<<<<<<<<<<<<<<<<<<<<<<<【航班动态定价托管】7.0.0 程序开始！>>>>>>>>>>>>>>>>>>>>>>>>>>>>>>
2026-06-27 14:02:10,434 database_oracle.py[line:572] INFO DP_EST_DATA_CHG进程执行完毕！
2026-06-27 14:02:10,451 KNNBasePredictor.py[line:296] INFO 【SoloFlightNumberIncreaseKNN】程序开始！
2026-06-27 14:02:10,464 KNNBasePredictor.py[line:322] INFO 【SoloFlightNumberIncreaseKNN】触发8进程模式，数据量：153
2026-06-27 14:02:18,417 SoloBkdSharpRise.py[line:74] INFO bkd_sharp_rise: 检测到 0 条航班触发订座突增提价
2026-06-27 14:02:18,425 SoloAdvicePrice.py[line:52] INFO 【SoloFltAdvicePrice】程序开始！
2026-06-27 14:02:18,478 run.py[line:87] INFO ===============SOLO_PART航班价格建议完成！===============
2026-06-27 14:02:19,224 basic_helper_fuction.py[line:234] INFO 生产环境接口：<Response [200]>
2026-06-27 15:02:00,291 run.py[line:126] INFO <<<<<<<<<<<<<<<<<<<<<<<<<<<<<<【航班动态定价托管】7.0.0 程序开始！>>>>>>>>>>>>>>>>>>>>>>>>>>>>>>
2026-06-27 15:02:12,487 database_oracle.py[line:572] INFO DP_EST_DATA_CHG进程执行完毕！
2026-06-27 15:02:12,501 KNNBasePredictor.py[line:296] INFO 【SoloFlightNumberIncreaseKNN】程序开始！
2026-06-27 15:02:12,517 KNNBasePredictor.py[line:322] INFO 【SoloFlightNumberIncreaseKNN】触发8进程模式，数据量：22
2026-06-27 15:02:18,086 SoloBkdSharpRise.py[line:74] INFO bkd_sharp_rise: 检测到 0 条航班触发订座突增提价
2026-06-27 15:02:18,095 SoloAdvicePrice.py[line:52] INFO 【SoloFltAdvicePrice】程序开始！
2026-06-27 15:02:18,151 run.py[line:87] INFO ===============SOLO_PART航班价格建议完成！===============
2026-06-27 15:02:18,370 basic_helper_fuction.py[line:234] INFO 生产环境接口：<Response [200]>
2026-06-27 16:04:00,497 run.py[line:126] INFO <<<<<<<<<<<<<<<<<<<<<<<<<<<<<<【航班动态定价托管】7.0.0 程序开始！>>>>>>>>>>>>>>>>>>>>>>>>>>>>>>
2026-06-27 16:04:04,792 database_oracle.py[line:572] INFO DP_EST_DATA_CHG进程执行完毕！
2026-06-27 16:04:04,827 KNNBasePredictor.py[line:296] INFO 【SoloFlightNumberIncreaseKNN】程序开始！
2026-06-27 16:04:04,847 KNNBasePredictor.py[line:322] INFO 【SoloFlightNumberIncreaseKNN】触发8进程模式，数据量：704
2026-06-27 16:04:34,457 SoloBkdSharpRise.py[line:74] INFO bkd_sharp_rise: 检测到 0 条航班触发订座突增提价
2026-06-27 16:04:34,467 SoloAdvicePrice.py[line:52] INFO 【SoloFltAdvicePrice】程序开始！
2026-06-27 16:04:34,572 run.py[line:87] INFO ===============SOLO_PART航班价格建议完成！===============
2026-06-27 16:04:41,168 basic_helper_fuction.py[line:234] INFO 生产环境接口：<Response [200]>
2026-06-27 17:02:00,600 run.py[line:126] INFO <<<<<<<<<<<<<<<<<<<<<<<<<<<<<<【航班动态定价托管】7.0.0 程序开始！>>>>>>>>>>>>>>>>>>>>>>>>>>>>>>
2026-06-27 17:02:09,817 database_oracle.py[line:572] INFO DP_EST_DATA_CHG进程执行完毕！
2026-06-27 17:02:09,830 KNNBasePredictor.py[line:296] INFO 【SoloFlightNumberIncreaseKNN】程序开始！
2026-06-27 17:02:09,844 KNNBasePredictor.py[line:322] INFO 【SoloFlightNumberIncreaseKNN】触发8进程模式，数据量：20
2026-06-27 17:02:20,216 SoloBkdSharpRise.py[line:74] INFO bkd_sharp_rise: 检测到 0 条航班触发订座突增提价
2026-06-27 17:02:20,224 SoloAdvicePrice.py[line:52] INFO 【SoloFltAdvicePrice】程序开始！
2026-06-27 17:02:20,279 run.py[line:87] INFO ===============SOLO_PART航班价格建议完成！===============
2026-06-27 17:02:20,496 basic_helper_fuction.py[line:234] INFO 生产环境接口：<Response [200]>
2026-06-27 18:02:00,255 run.py[line:126] INFO <<<<<<<<<<<<<<<<<<<<<<<<<<<<<<【航班动态定价托管】7.0.0 程序开始！>>>>>>>>>>>>>>>>>>>>>>>>>>>>>>
2026-06-27 18:02:19,560 database_oracle.py[line:572] INFO DP_EST_DATA_CHG进程执行完毕！
2026-06-27 18:02:19,581 KNNBasePredictor.py[line:296] INFO 【SoloFlightNumberIncreaseKNN】程序开始！
2026-06-27 18:02:19,598 KNNBasePredictor.py[line:322] INFO 【SoloFlightNumberIncreaseKNN】触发8进程模式，数据量：149
2026-06-27 18:02:28,815 SoloBkdSharpRise.py[line:74] INFO bkd_sharp_rise: 检测到 0 条航班触发订座突增提价
2026-06-27 18:02:28,824 SoloAdvicePrice.py[line:52] INFO 【SoloFltAdvicePrice】程序开始！
2026-06-27 18:02:28,891 run.py[line:87] INFO ===============SOLO_PART航班价格建议完成！===============
2026-06-27 18:02:29,169 basic_helper_fuction.py[line:234] INFO 生产环境接口：<Response [200]>
2026-06-27 19:02:00,974 run.py[line:126] INFO <<<<<<<<<<<<<<<<<<<<<<<<<<<<<<【航班动态定价托管】7.0.0 程序开始！>>>>>>>>>>>>>>>>>>>>>>>>>>>>>>
2026-06-27 19:02:07,161 database_oracle.py[line:572] INFO DP_EST_DATA_CHG进程执行完毕！
2026-06-27 19:02:07,176 KNNBasePredictor.py[line:296] INFO 【SoloFlightNumberIncreaseKNN】程序开始！
2026-06-27 19:02:07,187 KNNBasePredictor.py[line:322] INFO 【SoloFlightNumberIncreaseKNN】触发8进程模式，数据量：19
2026-06-27 19:02:12,501 SoloBkdSharpRise.py[line:74] INFO bkd_sharp_rise: 检测到 0 条航班触发订座突增提价
2026-06-27 19:02:12,513 SoloAdvicePrice.py[line:52] INFO 【SoloFltAdvicePrice】程序开始！
2026-06-27 19:02:12,566 run.py[line:87] INFO ===============SOLO_PART航班价格建议完成！===============
2026-06-27 19:02:12,644 basic_helper_fuction.py[line:234] INFO 生产环境接口：<Response [200]>
2026-06-27 20:02:00,915 run.py[line:126] INFO <<<<<<<<<<<<<<<<<<<<<<<<<<<<<<【航班动态定价托管】7.0.0 程序开始！>>>>>>>>>>>>>>>>>>>>>>>>>>>>>>
2026-06-27 20:02:11,164 database_oracle.py[line:572] INFO DP_EST_DATA_CHG进程执行完毕！
2026-06-27 20:02:11,183 KNNBasePredictor.py[line:296] INFO 【SoloFlightNumberIncreaseKNN】程序开始！
2026-06-27 20:02:11,196 KNNBasePredictor.py[line:322] INFO 【SoloFlightNumberIncreaseKNN】触发8进程模式，数据量：148
2026-06-27 20:02:25,322 SoloBkdSharpRise.py[line:74] INFO bkd_sharp_rise: 检测到 0 条航班触发订座突增提价
2026-06-27 20:02:25,334 SoloAdvicePrice.py[line:52] INFO 【SoloFltAdvicePrice】程序开始！
2026-06-27 20:02:25,394 run.py[line:87] INFO ===============SOLO_PART航班价格建议完成！===============
2026-06-27 20:02:25,686 basic_helper_fuction.py[line:234] INFO 生产环境接口：<Response [200]>
2026-06-27 20:23:13,257 run.py[line:37] INFO <<<<<<<<<<<<<<<<<<<<<<<<<<<<<<【航班动态定价托管】7.0.0 程序开始！>>>>>>>>>>>>>>>>>>>>>>>>>>>>>>
2026-06-27 20:23:13,953 KNNBasePredictor.py[line:296] INFO 【SoloFlightNumberIncreaseKNN】程序开始！
2026-06-27 20:23:13,969 KNNBasePredictor.py[line:322] INFO 【SoloFlightNumberIncreaseKNN】触发8进程模式，数据量：148
2026-06-27 20:23:28,394 SoloBkdSharpRise.py[line:74] INFO bkd_sharp_rise: 检测到 0 条航班触发订座突增提价
2026-06-27 20:23:28,409 SoloAdvicePrice.py[line:52] INFO 【SoloFltAdvicePrice】程序开始！
2026-06-27 20:23:28,523 run.py[line:87] INFO ===============SOLO_PART航班价格建议完成！===============
2026-06-27 20:23:29,315 basic_helper_fuction.py[line:234] INFO 生产环境接口：<Response [200]>
2026-06-27 20:26:20,623 basic_helper_fuction.py[line:219] WARNING 程序临时执行，删除由此产生的重复数据！
2026-06-27 20:26:20,624 run.py[line:57] INFO 定时任务已注册，进入轮询模式...
2026-06-27 21:02:00,507 run.py[line:126] INFO <<<<<<<<<<<<<<<<<<<<<<<<<<<<<<【航班动态定价托管】7.0.0 程序开始！>>>>>>>>>>>>>>>>>>>>>>>>>>>>>>
2026-06-27 21:02:07,692 database_oracle.py[line:572] INFO DP_EST_DATA_CHG进程执行完毕！
2026-06-27 21:02:07,707 KNNBasePredictor.py[line:296] INFO 【SoloFlightNumberIncreaseKNN】程序开始！
2026-06-27 21:02:07,731 KNNBasePredictor.py[line:322] INFO 【SoloFlightNumberIncreaseKNN】触发8进程模式，数据量：18
2026-06-27 21:02:12,806 SoloBkdSharpRise.py[line:74] INFO bkd_sharp_rise: 检测到 0 条航班触发订座突增提价
2026-06-27 21:02:12,816 SoloAdvicePrice.py[line:52] INFO 【SoloFltAdvicePrice】程序开始！
2026-06-27 21:02:12,878 run.py[line:87] INFO ===============SOLO_PART航班价格建议完成！===============
2026-06-27 21:02:12,967 basic_helper_fuction.py[line:234] INFO 生产环境接口：<Response [200]>
2026-06-27 21:43:01,931 run.py[line:57] INFO 定时任务已注册，进入轮询模式...
2026-06-27 22:02:00,065 run.py[line:126] INFO <<<<<<<<<<<<<<<<<<<<<<<<<<<<<<【航班动态定价托管】7.0.0 程序开始！>>>>>>>>>>>>>>>>>>>>>>>>>>>>>>
2026-06-27 22:02:04,688 database_oracle.py[line:572] INFO DP_EST_DATA_CHG进程执行完毕！
2026-06-27 22:02:04,709 KNNBasePredictor.py[line:296] INFO 【SoloFlightNumberIncreaseKNN】程序开始！
2026-06-27 22:02:04,723 KNNBasePredictor.py[line:322] INFO 【SoloFlightNumberIncreaseKNN】触发8进程模式，数据量：148
2026-06-27 22:02:13,471 SoloBkdSharpRise.py[line:74] INFO bkd_sharp_rise: 检测到 0 条航班触发订座突增提价
2026-06-27 22:02:13,479 SoloAdvicePrice.py[line:52] INFO 【SoloFltAdvicePrice】程序开始！
2026-06-27 22:02:13,539 run.py[line:87] INFO ===============SOLO_PART航班价格建议完成！===============
2026-06-27 22:02:13,786 basic_helper_fuction.py[line:234] INFO 生产环境接口：<Response [200]>
2026-06-27 23:02:00,659 run.py[line:126] INFO <<<<<<<<<<<<<<<<<<<<<<<<<<<<<<【航班动态定价托管】7.0.0 程序开始！>>>>>>>>>>>>>>>>>>>>>>>>>>>>>>
2026-06-27 23:02:07,191 database_oracle.py[line:572] INFO DP_EST_DATA_CHG进程执行完毕！
2026-06-27 23:02:07,205 KNNBasePredictor.py[line:296] INFO 【SoloFlightNumberIncreaseKNN】程序开始！
2026-06-27 23:02:07,216 KNNBasePredictor.py[line:322] INFO 【SoloFlightNumberIncreaseKNN】触发8进程模式，数据量：18
2026-06-27 23:02:12,754 SoloBkdSharpRise.py[line:74] INFO bkd_sharp_rise: 检测到 0 条航班触发订座突增提价
2026-06-27 23:02:12,772 SoloAdvicePrice.py[line:52] INFO 【SoloFltAdvicePrice】程序开始！
2026-06-27 23:02:12,917 run.py[line:87] INFO ===============SOLO_PART航班价格建议完成！===============
2026-06-27 23:02:13,207 basic_helper_fuction.py[line:234] INFO 生产环境接口：<Response [200]>
2026-06-28 00:02:00,631 run.py[line:126] INFO <<<<<<<<<<<<<<<<<<<<<<<<<<<<<<【航班动态定价托管】7.0.0 程序开始！>>>>>>>>>>>>>>>>>>>>>>>>>>>>>>
2026-06-28 00:02:05,050 database_oracle.py[line:572] INFO DP_EST_DATA_CHG进程执行完毕！
2026-06-28 00:02:05,070 KNNBasePredictor.py[line:296] INFO 【SoloFlightNumberIncreaseKNN】程序开始！
2026-06-28 00:02:05,084 KNNBasePredictor.py[line:322] INFO 【SoloFlightNumberIncreaseKNN】触发8进程模式，数据量：172
2026-06-28 00:02:14,101 SoloBkdSharpRise.py[line:74] INFO bkd_sharp_rise: 检测到 0 条航班触发订座突增提价
2026-06-28 00:02:14,109 SoloAdvicePrice.py[line:52] INFO 【SoloFltAdvicePrice】程序开始！
2026-06-28 00:02:14,176 run.py[line:87] INFO ===============SOLO_PART航班价格建议完成！===============
2026-06-28 00:02:14,540 basic_helper_fuction.py[line:234] INFO 生产环境接口：<Response [200]>
2026-06-28 01:02:03,472 run.py[line:126] INFO <<<<<<<<<<<<<<<<<<<<<<<<<<<<<<【航班动态定价托管】7.0.0 程序开始！>>>>>>>>>>>>>>>>>>>>>>>>>>>>>>
2026-06-28 01:02:07,901 database_oracle.py[line:572] INFO DP_EST_DATA_CHG进程执行完毕！
2026-06-28 01:02:07,914 KNNBasePredictor.py[line:296] INFO 【SoloFlightNumberIncreaseKNN】程序开始！
2026-06-28 01:02:07,923 KNNBasePredictor.py[line:322] INFO 【SoloFlightNumberIncreaseKNN】触发8进程模式，数据量：36
2026-06-28 01:02:11,724 SoloBkdSharpRise.py[line:74] INFO bkd_sharp_rise: 检测到 0 条航班触发订座突增提价
2026-06-28 01:02:11,732 SoloAdvicePrice.py[line:52] INFO 【SoloFltAdvicePrice】程序开始！
2026-06-28 01:02:11,787 run.py[line:87] INFO ===============SOLO_PART航班价格建议完成！===============
2026-06-28 01:02:11,921 basic_helper_fuction.py[line:234] INFO 生产环境接口：<Response [200]>
2026-06-28 02:02:02,789 run.py[line:126] INFO <<<<<<<<<<<<<<<<<<<<<<<<<<<<<<【航班动态定价托管】7.0.0 程序开始！>>>>>>>>>>>>>>>>>>>>>>>>>>>>>>
2026-06-28 02:02:09,146 database_oracle.py[line:572] INFO DP_EST_DATA_CHG进程执行完毕！
2026-06-28 02:02:09,160 KNNBasePredictor.py[line:296] INFO 【SoloFlightNumberIncreaseKNN】程序开始！
2026-06-28 02:02:09,169 KNNBasePredictor.py[line:322] INFO 【SoloFlightNumberIncreaseKNN】触发8进程模式，数据量：36
2026-06-28 02:02:13,367 SoloBkdSharpRise.py[line:74] INFO bkd_sharp_rise: 检测到 0 条航班触发订座突增提价
2026-06-28 02:02:13,378 SoloAdvicePrice.py[line:52] INFO 【SoloFltAdvicePrice】程序开始！
2026-06-28 02:02:13,431 run.py[line:87] INFO ===============SOLO_PART航班价格建议完成！===============
2026-06-28 02:02:14,332 basic_helper_fuction.py[line:234] INFO 生产环境接口：<Response [200]>
2026-06-28 03:00:00,091 send_mail.py[line:104] INFO IMAP 连接成功 | host=mail.xiamenair.com.cn:993
2026-06-28 03:00:00,191 send_mail.py[line:188] INFO IMAP 登录成功 | user=ps_rms@xiamenair.com
2026-06-28 03:00:00,198 send_mail.py[line:141] INFO 发件箱文件夹已定位 | folder="Sent Items"
2026-06-28 03:00:00,200 send_mail.py[line:211] INFO 按天数清理：无需清理 | keep_days=30
2026-06-28 03:00:00,202 send_mail.py[line:233] INFO 按数量清理：无需清理 | keep_max=200 | 当前邮件数=103
2026-06-28 03:00:00,203 send_mail.py[line:238] INFO 发件箱清理完成 | keep_days=30 | keep_max=200
2026-06-28 03:02:00,296 run.py[line:126] INFO <<<<<<<<<<<<<<<<<<<<<<<<<<<<<<【航班动态定价托管】7.0.0 程序开始！>>>>>>>>>>>>>>>>>>>>>>>>>>>>>>
2026-06-28 03:02:15,161 database_oracle.py[line:572] INFO DP_EST_DATA_CHG进程执行完毕！
2026-06-28 03:02:15,180 KNNBasePredictor.py[line:296] INFO 【SoloFlightNumberIncreaseKNN】程序开始！
2026-06-28 03:02:15,191 KNNBasePredictor.py[line:322] INFO 【SoloFlightNumberIncreaseKNN】触发8进程模式，数据量：36
2026-06-28 03:02:19,699 SoloBkdSharpRise.py[line:74] INFO bkd_sharp_rise: 检测到 0 条航班触发订座突增提价
2026-06-28 03:02:19,711 SoloAdvicePrice.py[line:52] INFO 【SoloFltAdvicePrice】程序开始！
2026-06-28 03:02:19,773 run.py[line:87] INFO ===============SOLO_PART航班价格建议完成！===============
2026-06-28 03:02:19,889 basic_helper_fuction.py[line:234] INFO 生产环境接口：<Response [200]>
2026-06-28 04:02:00,666 run.py[line:126] INFO <<<<<<<<<<<<<<<<<<<<<<<<<<<<<<【航班动态定价托管】7.0.0 程序开始！>>>>>>>>>>>>>>>>>>>>>>>>>>>>>>
2026-06-28 04:02:04,399 database_oracle.py[line:572] INFO DP_EST_DATA_CHG进程执行完毕！
2026-06-28 04:02:04,416 KNNBasePredictor.py[line:296] INFO 【SoloFlightNumberIncreaseKNN】程序开始！
2026-06-28 04:02:04,427 KNNBasePredictor.py[line:322] INFO 【SoloFlightNumberIncreaseKNN】触发8进程模式，数据量：172
2026-06-28 04:02:12,798 SoloBkdSharpRise.py[line:74] INFO bkd_sharp_rise: 检测到 0 条航班触发订座突增提价
2026-06-28 04:02:12,806 SoloAdvicePrice.py[line:52] INFO 【SoloFltAdvicePrice】程序开始！
2026-06-28 04:02:12,859 run.py[line:87] INFO ===============SOLO_PART航班价格建议完成！===============
2026-06-28 04:02:13,144 basic_helper_fuction.py[line:234] INFO 生产环境接口：<Response [200]>
2026-06-28 05:02:00,828 run.py[line:126] INFO <<<<<<<<<<<<<<<<<<<<<<<<<<<<<<【航班动态定价托管】7.0.0 程序开始！>>>>>>>>>>>>>>>>>>>>>>>>>>>>>>
2026-06-28 05:02:09,636 database_oracle.py[line:572] INFO DP_EST_DATA_CHG进程执行完毕！
2026-06-28 05:02:09,653 KNNBasePredictor.py[line:296] INFO 【SoloFlightNumberIncreaseKNN】程序开始！
2026-06-28 05:02:09,664 KNNBasePredictor.py[line:322] INFO 【SoloFlightNumberIncreaseKNN】触发8进程模式，数据量：36
2026-06-28 05:02:14,380 SoloBkdSharpRise.py[line:74] INFO bkd_sharp_rise: 检测到 0 条航班触发订座突增提价
2026-06-28 05:02:14,389 SoloAdvicePrice.py[line:52] INFO 【SoloFltAdvicePrice】程序开始！
2026-06-28 05:02:14,438 run.py[line:87] INFO ===============SOLO_PART航班价格建议完成！===============
2026-06-28 05:02:14,582 basic_helper_fuction.py[line:234] INFO 生产环境接口：<Response [200]>
2026-06-28 06:02:00,657 run.py[line:126] INFO <<<<<<<<<<<<<<<<<<<<<<<<<<<<<<【航班动态定价托管】7.0.0 程序开始！>>>>>>>>>>>>>>>>>>>>>>>>>>>>>>
2026-06-28 06:02:26,154 database_oracle.py[line:572] INFO DP_EST_DATA_CHG进程执行完毕！
2026-06-28 06:02:26,171 KNNBasePredictor.py[line:296] INFO 【SoloFlightNumberIncreaseKNN】程序开始！
2026-06-28 06:02:26,185 KNNBasePredictor.py[line:322] INFO 【SoloFlightNumberIncreaseKNN】触发8进程模式，数据量：172
2026-06-28 06:02:35,428 SoloBkdSharpRise.py[line:74] INFO bkd_sharp_rise: 检测到 0 条航班触发订座突增提价
2026-06-28 06:02:35,437 SoloAdvicePrice.py[line:52] INFO 【SoloFltAdvicePrice】程序开始！
2026-06-28 06:02:35,510 run.py[line:87] INFO ===============SOLO_PART航班价格建议完成！===============
2026-06-28 06:02:35,652 basic_helper_fuction.py[line:234] INFO 生产环境接口：<Response [200]>
2026-06-28 07:02:00,917 run.py[line:126] INFO <<<<<<<<<<<<<<<<<<<<<<<<<<<<<<【航班动态定价托管】7.0.0 程序开始！>>>>>>>>>>>>>>>>>>>>>>>>>>>>>>
2026-06-28 07:04:43,057 database_oracle.py[line:572] INFO DP_EST_DATA_CHG进程执行完毕！
2026-06-28 07:04:43,071 KNNBasePredictor.py[line:296] INFO 【SoloFlightNumberIncreaseKNN】程序开始！
2026-06-28 07:04:43,115 KNNBasePredictor.py[line:322] INFO 【SoloFlightNumberIncreaseKNN】触发8进程模式，数据量：36
2026-06-28 07:04:49,725 SoloBkdSharpRise.py[line:74] INFO bkd_sharp_rise: 检测到 0 条航班触发订座突增提价
2026-06-28 07:04:49,733 SoloAdvicePrice.py[line:52] INFO 【SoloFltAdvicePrice】程序开始！
2026-06-28 07:04:49,790 run.py[line:87] INFO ===============SOLO_PART航班价格建议完成！===============
2026-06-28 07:04:49,904 basic_helper_fuction.py[line:234] INFO 生产环境接口：<Response [200]>
2026-06-28 08:04:00,006 run.py[line:126] INFO <<<<<<<<<<<<<<<<<<<<<<<<<<<<<<【航班动态定价托管】7.0.0 程序开始！>>>>>>>>>>>>>>>>>>>>>>>>>>>>>>
2026-06-28 08:04:30,103 database_oracle.py[line:572] INFO DP_EST_DATA_CHG进程执行完毕！
2026-06-28 08:04:30,138 KNNBasePredictor.py[line:296] INFO 【SoloFlightNumberIncreaseKNN】程序开始！
2026-06-28 08:04:30,160 KNNBasePredictor.py[line:322] INFO 【SoloFlightNumberIncreaseKNN】触发8进程模式，数据量：723
2026-06-28 08:04:54,611 SoloBkdSharpRise.py[line:74] INFO bkd_sharp_rise: 检测到 0 条航班触发订座突增提价
2026-06-28 08:04:54,620 SoloAdvicePrice.py[line:52] INFO 【SoloFltAdvicePrice】程序开始！
2026-06-28 08:04:54,769 run.py[line:87] INFO ===============SOLO_PART航班价格建议完成！===============
2026-06-28 08:05:01,191 basic_helper_fuction.py[line:234] INFO 生产环境接口：<Response [200]>
2026-06-28 09:02:00,198 run.py[line:126] INFO <<<<<<<<<<<<<<<<<<<<<<<<<<<<<<【航班动态定价托管】7.0.0 程序开始！>>>>>>>>>>>>>>>>>>>>>>>>>>>>>>
2026-06-28 09:02:12,216 database_oracle.py[line:572] INFO DP_EST_DATA_CHG进程执行完毕！
2026-06-28 09:02:12,235 KNNBasePredictor.py[line:296] INFO 【SoloFlightNumberIncreaseKNN】程序开始！
2026-06-28 09:02:12,256 KNNBasePredictor.py[line:322] INFO 【SoloFlightNumberIncreaseKNN】触发8进程模式，数据量：34
2026-06-28 09:02:17,061 SoloBkdSharpRise.py[line:74] INFO bkd_sharp_rise: 检测到 0 条航班触发订座突增提价
2026-06-28 09:02:17,070 SoloAdvicePrice.py[line:52] INFO 【SoloFltAdvicePrice】程序开始！
2026-06-28 09:02:17,130 run.py[line:87] INFO ===============SOLO_PART航班价格建议完成！===============
2026-06-28 09:02:17,231 basic_helper_fuction.py[line:234] INFO 生产环境接口：<Response [200]>
2026-06-28 10:02:00,095 run.py[line:126] INFO <<<<<<<<<<<<<<<<<<<<<<<<<<<<<<【航班动态定价托管】7.0.0 程序开始！>>>>>>>>>>>>>>>>>>>>>>>>>>>>>>
2026-06-28 10:02:19,828 database_oracle.py[line:572] INFO DP_EST_DATA_CHG进程执行完毕！
2026-06-28 10:02:19,846 KNNBasePredictor.py[line:296] INFO 【SoloFlightNumberIncreaseKNN】程序开始！
2026-06-28 10:02:19,873 KNNBasePredictor.py[line:322] INFO 【SoloFlightNumberIncreaseKNN】触发8进程模式，数据量：168
2026-06-28 10:02:30,196 SoloBkdSharpRise.py[line:74] INFO bkd_sharp_rise: 检测到 0 条航班触发订座突增提价
2026-06-28 10:02:30,206 SoloAdvicePrice.py[line:52] INFO 【SoloFltAdvicePrice】程序开始！
2026-06-28 10:02:30,291 data_storage.py[line:26] INFO 清除累积表360天前的数据！
2026-06-28 10:02:30,311 run.py[line:87] INFO ===============SOLO_PART航班价格建议完成！===============
2026-06-28 10:02:30,652 basic_helper_fuction.py[line:234] INFO 生产环境接口：<Response [200]>
2026-06-28 11:02:00,708 run.py[line:126] INFO <<<<<<<<<<<<<<<<<<<<<<<<<<<<<<【航班动态定价托管】7.0.0 程序开始！>>>>>>>>>>>>>>>>>>>>>>>>>>>>>>
2026-06-28 11:02:17,767 database_oracle.py[line:572] INFO DP_EST_DATA_CHG进程执行完毕！
2026-06-28 11:02:17,782 KNNBasePredictor.py[line:296] INFO 【SoloFlightNumberIncreaseKNN】程序开始！
2026-06-28 11:02:17,797 KNNBasePredictor.py[line:322] INFO 【SoloFlightNumberIncreaseKNN】触发8进程模式，数据量：32
2026-06-28 11:02:23,575 SoloBkdSharpRise.py[line:74] INFO bkd_sharp_rise: 检测到 0 条航班触发订座突增提价
2026-06-28 11:02:23,584 SoloAdvicePrice.py[line:52] INFO 【SoloFltAdvicePrice】程序开始！
2026-06-28 11:02:23,644 run.py[line:87] INFO ===============SOLO_PART航班价格建议完成！===============
2026-06-28 11:02:23,755 basic_helper_fuction.py[line:234] INFO 生产环境接口：<Response [200]>
2026-06-28 12:04:00,822 run.py[line:126] INFO <<<<<<<<<<<<<<<<<<<<<<<<<<<<<<【航班动态定价托管】7.0.0 程序开始！>>>>>>>>>>>>>>>>>>>>>>>>>>>>>>
2026-06-28 12:04:11,351 database_oracle.py[line:572] INFO DP_EST_DATA_CHG进程执行完毕！
2026-06-28 12:04:11,388 KNNBasePredictor.py[line:296] INFO 【SoloFlightNumberIncreaseKNN】程序开始！
2026-06-28 12:04:11,413 KNNBasePredictor.py[line:322] INFO 【SoloFlightNumberIncreaseKNN】触发8进程模式，数据量：718
2026-06-28 12:04:43,744 SoloBkdSharpRise.py[line:74] INFO bkd_sharp_rise: 检测到 0 条航班触发订座突增提价
2026-06-28 12:04:43,753 SoloAdvicePrice.py[line:52] INFO 【SoloFltAdvicePrice】程序开始！
2026-06-28 12:04:43,849 run.py[line:87] INFO ===============SOLO_PART航班价格建议完成！===============
2026-06-28 12:04:50,183 basic_helper_fuction.py[line:234] INFO 生产环境接口：<Response [200]>
2026-06-28 13:02:00,265 run.py[line:126] INFO <<<<<<<<<<<<<<<<<<<<<<<<<<<<<<【航班动态定价托管】7.0.0 程序开始！>>>>>>>>>>>>>>>>>>>>>>>>>>>>>>
2026-06-28 13:02:10,955 database_oracle.py[line:572] INFO DP_EST_DATA_CHG进程执行完毕！
2026-06-28 13:02:10,971 KNNBasePredictor.py[line:296] INFO 【SoloFlightNumberIncreaseKNN】程序开始！
2026-06-28 13:02:10,994 KNNBasePredictor.py[line:322] INFO 【SoloFlightNumberIncreaseKNN】触发8进程模式，数据量：27
2026-06-28 13:02:16,907 SoloBkdSharpRise.py[line:74] INFO bkd_sharp_rise: 检测到 0 条航班触发订座突增提价
2026-06-28 13:02:16,916 SoloAdvicePrice.py[line:52] INFO 【SoloFltAdvicePrice】程序开始！
2026-06-28 13:02:16,986 run.py[line:87] INFO ===============SOLO_PART航班价格建议完成！===============
2026-06-28 13:02:17,081 basic_helper_fuction.py[line:234] INFO 生产环境接口：<Response [200]>
2026-06-28 14:02:00,685 run.py[line:126] INFO <<<<<<<<<<<<<<<<<<<<<<<<<<<<<<【航班动态定价托管】7.0.0 程序开始！>>>>>>>>>>>>>>>>>>>>>>>>>>>>>>
2026-06-28 14:02:15,361 database_oracle.py[line:572] INFO DP_EST_DATA_CHG进程执行完毕！
2026-06-28 14:02:15,380 KNNBasePredictor.py[line:296] INFO 【SoloFlightNumberIncreaseKNN】程序开始！
2026-06-28 14:02:15,397 KNNBasePredictor.py[line:322] INFO 【SoloFlightNumberIncreaseKNN】触发8进程模式，数据量：162
2026-06-28 14:02:25,139 SoloBkdSharpRise.py[line:74] INFO bkd_sharp_rise: 检测到 0 条航班触发订座突增提价
2026-06-28 14:02:25,147 SoloAdvicePrice.py[line:52] INFO 【SoloFltAdvicePrice】程序开始！
2026-06-28 14:02:25,233 run.py[line:87] INFO ===============SOLO_PART航班价格建议完成！===============
2026-06-28 14:02:25,680 basic_helper_fuction.py[line:234] INFO 生产环境接口：<Response [200]>
2026-06-28 15:02:03,347 run.py[line:126] INFO <<<<<<<<<<<<<<<<<<<<<<<<<<<<<<【航班动态定价托管】7.0.0 程序开始！>>>>>>>>>>>>>>>>>>>>>>>>>>>>>>
2026-06-28 15:02:19,991 database_oracle.py[line:572] INFO DP_EST_DATA_CHG进程执行完毕！
2026-06-28 15:02:20,003 KNNBasePredictor.py[line:296] INFO 【SoloFlightNumberIncreaseKNN】程序开始！
2026-06-28 15:02:20,014 KNNBasePredictor.py[line:322] INFO 【SoloFlightNumberIncreaseKNN】触发8进程模式，数据量：24
2026-06-28 15:02:25,344 SoloBkdSharpRise.py[line:74] INFO bkd_sharp_rise: 检测到 0 条航班触发订座突增提价
2026-06-28 15:02:25,354 SoloAdvicePrice.py[line:52] INFO 【SoloFltAdvicePrice】程序开始！
2026-06-28 15:02:25,422 run.py[line:87] INFO ===============SOLO_PART航班价格建议完成！===============
2026-06-28 15:02:25,547 basic_helper_fuction.py[line:234] INFO 生产环境接口：<Response [200]>
2026-06-28 16:03:00,790 run.py[line:126] INFO <<<<<<<<<<<<<<<<<<<<<<<<<<<<<<【航班动态定价托管】7.0.0 程序开始！>>>>>>>>>>>>>>>>>>>>>>>>>>>>>>
2026-06-28 16:03:11,473 database_oracle.py[line:572] INFO DP_EST_DATA_CHG进程执行完毕！
2026-06-28 16:03:11,514 KNNBasePredictor.py[line:296] INFO 【SoloFlightNumberIncreaseKNN】程序开始！
2026-06-28 16:03:11,539 KNNBasePredictor.py[line:322] INFO 【SoloFlightNumberIncreaseKNN】触发8进程模式，数据量：708
2026-06-28 16:03:40,475 SoloBkdSharpRise.py[line:74] INFO bkd_sharp_rise: 检测到 0 条航班触发订座突增提价
2026-06-28 16:03:40,483 SoloAdvicePrice.py[line:52] INFO 【SoloFltAdvicePrice】程序开始！
2026-06-28 16:03:40,580 run.py[line:87] INFO ===============SOLO_PART航班价格建议完成！===============
2026-06-28 16:03:46,202 basic_helper_fuction.py[line:234] INFO 生产环境接口：<Response [200]>
2026-06-28 17:02:00,104 run.py[line:126] INFO <<<<<<<<<<<<<<<<<<<<<<<<<<<<<<【航班动态定价托管】7.0.0 程序开始！>>>>>>>>>>>>>>>>>>>>>>>>>>>>>>
2026-06-28 17:02:13,838 database_oracle.py[line:572] INFO DP_EST_DATA_CHG进程执行完毕！
2026-06-28 17:02:13,855 KNNBasePredictor.py[line:296] INFO 【SoloFlightNumberIncreaseKNN】程序开始！
2026-06-28 17:02:13,872 KNNBasePredictor.py[line:322] INFO 【SoloFlightNumberIncreaseKNN】触发8进程模式，数据量：21
2026-06-28 17:02:18,846 SoloBkdSharpRise.py[line:74] INFO bkd_sharp_rise: 检测到 0 条航班触发订座突增提价
2026-06-28 17:02:18,856 SoloAdvicePrice.py[line:52] INFO 【SoloFltAdvicePrice】程序开始！
2026-06-28 17:02:18,920 run.py[line:87] INFO ===============SOLO_PART航班价格建议完成！===============
2026-06-28 17:02:19,068 basic_helper_fuction.py[line:234] INFO 生产环境接口：<Response [200]>
2026-06-28 18:02:03,670 run.py[line:126] INFO <<<<<<<<<<<<<<<<<<<<<<<<<<<<<<【航班动态定价托管】7.0.0 程序开始！>>>>>>>>>>>>>>>>>>>>>>>>>>>>>>
2026-06-28 18:02:16,208 database_oracle.py[line:572] INFO DP_EST_DATA_CHG进程执行完毕！
2026-06-28 18:02:16,228 KNNBasePredictor.py[line:296] INFO 【SoloFlightNumberIncreaseKNN】程序开始！
2026-06-28 18:02:16,243 KNNBasePredictor.py[line:322] INFO 【SoloFlightNumberIncreaseKNN】触发8进程模式，数据量：156
2026-06-28 18:02:25,240 SoloBkdSharpRise.py[line:74] INFO bkd_sharp_rise: 检测到 0 条航班触发订座突增提价
2026-06-28 18:02:25,249 SoloAdvicePrice.py[line:52] INFO 【SoloFltAdvicePrice】程序开始！
2026-06-28 18:02:25,329 run.py[line:87] INFO ===============SOLO_PART航班价格建议完成！===============
2026-06-28 18:02:25,651 basic_helper_fuction.py[line:234] INFO 生产环境接口：<Response [200]>
2026-06-28 19:02:00,049 run.py[line:126] INFO <<<<<<<<<<<<<<<<<<<<<<<<<<<<<<【航班动态定价托管】7.0.0 程序开始！>>>>>>>>>>>>>>>>>>>>>>>>>>>>>>
2026-06-28 19:02:07,720 database_oracle.py[line:572] INFO DP_EST_DATA_CHG进程执行完毕！
2026-06-28 19:02:07,740 KNNBasePredictor.py[line:296] INFO 【SoloFlightNumberIncreaseKNN】程序开始！
2026-06-28 19:02:07,751 KNNBasePredictor.py[line:322] INFO 【SoloFlightNumberIncreaseKNN】触发8进程模式，数据量：19
2026-06-28 19:02:12,626 SoloBkdSharpRise.py[line:74] INFO bkd_sharp_rise: 检测到 0 条航班触发订座突增提价
2026-06-28 19:02:12,635 SoloAdvicePrice.py[line:52] INFO 【SoloFltAdvicePrice】程序开始！
2026-06-28 19:02:12,685 run.py[line:87] INFO ===============SOLO_PART航班价格建议完成！===============
2026-06-28 19:02:12,775 basic_helper_fuction.py[line:234] INFO 生产环境接口：<Response [200]>
2026-06-28 20:02:00,068 run.py[line:126] INFO <<<<<<<<<<<<<<<<<<<<<<<<<<<<<<【航班动态定价托管】7.0.0 程序开始！>>>>>>>>>>>>>>>>>>>>>>>>>>>>>>
2026-06-28 20:02:05,879 database_oracle.py[line:572] INFO DP_EST_DATA_CHG进程执行完毕！
2026-06-28 20:02:05,895 KNNBasePredictor.py[line:296] INFO 【SoloFlightNumberIncreaseKNN】程序开始！
2026-06-28 20:02:05,905 KNNBasePredictor.py[line:322] INFO 【SoloFlightNumberIncreaseKNN】触发8进程模式，数据量：155
2026-06-28 20:02:13,805 SoloBkdSharpRise.py[line:74] INFO bkd_sharp_rise: 检测到 0 条航班触发订座突增提价
2026-06-28 20:02:13,814 SoloAdvicePrice.py[line:52] INFO 【SoloFltAdvicePrice】程序开始！
2026-06-28 20:02:13,876 run.py[line:87] INFO ===============SOLO_PART航班价格建议完成！===============
2026-06-28 20:02:14,201 basic_helper_fuction.py[line:234] INFO 生产环境接口：<Response [200]>
2026-06-28 21:02:00,350 run.py[line:126] INFO <<<<<<<<<<<<<<<<<<<<<<<<<<<<<<【航班动态定价托管】7.0.0 程序开始！>>>>>>>>>>>>>>>>>>>>>>>>>>>>>>
2026-06-28 21:02:15,080 database_oracle.py[line:572] INFO DP_EST_DATA_CHG进程执行完毕！
2026-06-28 21:02:15,093 KNNBasePredictor.py[line:296] INFO 【SoloFlightNumberIncreaseKNN】程序开始！
2026-06-28 21:02:15,104 KNNBasePredictor.py[line:322] INFO 【SoloFlightNumberIncreaseKNN】触发8进程模式，数据量：18
2026-06-28 21:02:20,755 SoloBkdSharpRise.py[line:74] INFO bkd_sharp_rise: 检测到 0 条航班触发订座突增提价
2026-06-28 21:02:20,763 SoloAdvicePrice.py[line:52] INFO 【SoloFltAdvicePrice】程序开始！
2026-06-28 21:02:20,849 run.py[line:87] INFO ===============SOLO_PART航班价格建议完成！===============
2026-06-28 21:02:21,023 basic_helper_fuction.py[line:234] INFO 生产环境接口：<Response [200]>
2026-06-28 22:02:00,608 run.py[line:126] INFO <<<<<<<<<<<<<<<<<<<<<<<<<<<<<<【航班动态定价托管】7.0.0 程序开始！>>>>>>>>>>>>>>>>>>>>>>>>>>>>>>
2026-06-28 22:02:08,031 database_oracle.py[line:572] INFO DP_EST_DATA_CHG进程执行完毕！
2026-06-28 22:02:08,051 KNNBasePredictor.py[line:296] INFO 【SoloFlightNumberIncreaseKNN】程序开始！
2026-06-28 22:02:08,067 KNNBasePredictor.py[line:322] INFO 【SoloFlightNumberIncreaseKNN】触发8进程模式，数据量：153
2026-06-28 22:02:16,662 SoloBkdSharpRise.py[line:74] INFO bkd_sharp_rise: 检测到 0 条航班触发订座突增提价
2026-06-28 22:02:16,672 SoloAdvicePrice.py[line:52] INFO 【SoloFltAdvicePrice】程序开始！
2026-06-28 22:02:16,750 run.py[line:87] INFO ===============SOLO_PART航班价格建议完成！===============
2026-06-28 22:02:17,032 basic_helper_fuction.py[line:234] INFO 生产环境接口：<Response [200]>
2026-06-28 23:02:00,417 run.py[line:126] INFO <<<<<<<<<<<<<<<<<<<<<<<<<<<<<<【航班动态定价托管】7.0.0 程序开始！>>>>>>>>>>>>>>>>>>>>>>>>>>>>>>
2026-06-28 23:02:04,183 database_oracle.py[line:572] INFO DP_EST_DATA_CHG进程执行完毕！
2026-06-28 23:02:04,197 KNNBasePredictor.py[line:296] INFO 【SoloFlightNumberIncreaseKNN】程序开始！
2026-06-28 23:02:04,206 KNNBasePredictor.py[line:322] INFO 【SoloFlightNumberIncreaseKNN】触发8进程模式，数据量：18
2026-06-28 23:02:08,036 SoloBkdSharpRise.py[line:74] INFO bkd_sharp_rise: 检测到 0 条航班触发订座突增提价
2026-06-28 23:02:08,046 SoloAdvicePrice.py[line:52] INFO 【SoloFltAdvicePrice】程序开始！
2026-06-28 23:02:08,096 run.py[line:87] INFO ===============SOLO_PART航班价格建议完成！===============
2026-06-28 23:02:08,257 basic_helper_fuction.py[line:234] INFO 生产环境接口：<Response [200]>
2026-06-29 00:02:00,207 run.py[line:126] INFO <<<<<<<<<<<<<<<<<<<<<<<<<<<<<<【航班动态定价托管】7.0.0 程序开始！>>>>>>>>>>>>>>>>>>>>>>>>>>>>>>
2026-06-29 00:02:04,184 database_oracle.py[line:572] INFO DP_EST_DATA_CHG进程执行完毕！
2026-06-29 00:02:04,203 KNNBasePredictor.py[line:296] INFO 【SoloFlightNumberIncreaseKNN】程序开始！
2026-06-29 00:02:04,218 KNNBasePredictor.py[line:322] INFO 【SoloFlightNumberIncreaseKNN】触发8进程模式，数据量：178
2026-06-29 00:02:13,194 SoloBkdSharpRise.py[line:74] INFO bkd_sharp_rise: 检测到 0 条航班触发订座突增提价
2026-06-29 00:02:13,203 SoloAdvicePrice.py[line:52] INFO 【SoloFltAdvicePrice】程序开始！
2026-06-29 00:02:13,277 run.py[line:87] INFO ===============SOLO_PART航班价格建议完成！===============
2026-06-29 00:02:13,664 basic_helper_fuction.py[line:234] INFO 生产环境接口：<Response [200]>
2026-06-29 01:02:00,722 run.py[line:126] INFO <<<<<<<<<<<<<<<<<<<<<<<<<<<<<<【航班动态定价托管】7.0.0 程序开始！>>>>>>>>>>>>>>>>>>>>>>>>>>>>>>
2026-06-29 01:02:05,502 database_oracle.py[line:572] INFO DP_EST_DATA_CHG进程执行完毕！
2026-06-29 01:02:05,515 KNNBasePredictor.py[line:296] INFO 【SoloFlightNumberIncreaseKNN】程序开始！
2026-06-29 01:02:05,526 KNNBasePredictor.py[line:322] INFO 【SoloFlightNumberIncreaseKNN】触发8进程模式，数据量：40
2026-06-29 01:02:09,547 SoloBkdSharpRise.py[line:74] INFO bkd_sharp_rise: 检测到 0 条航班触发订座突增提价
2026-06-29 01:02:09,554 SoloAdvicePrice.py[line:52] INFO 【SoloFltAdvicePrice】程序开始！
2026-06-29 01:02:09,607 run.py[line:87] INFO ===============SOLO_PART航班价格建议完成！===============
2026-06-29 01:02:09,744 basic_helper_fuction.py[line:234] INFO 生产环境接口：<Response [200]>
2026-06-29 02:02:00,998 run.py[line:126] INFO <<<<<<<<<<<<<<<<<<<<<<<<<<<<<<【航班动态定价托管】7.0.0 程序开始！>>>>>>>>>>>>>>>>>>>>>>>>>>>>>>
2026-06-29 02:02:05,440 database_oracle.py[line:572] INFO DP_EST_DATA_CHG进程执行完毕！
2026-06-29 02:02:05,453 KNNBasePredictor.py[line:296] INFO 【SoloFlightNumberIncreaseKNN】程序开始！
2026-06-29 02:02:05,461 KNNBasePredictor.py[line:322] INFO 【SoloFlightNumberIncreaseKNN】触发8进程模式，数据量：40
2026-06-29 02:02:09,923 SoloBkdSharpRise.py[line:74] INFO bkd_sharp_rise: 检测到 0 条航班触发订座突增提价
2026-06-29 02:02:09,933 SoloAdvicePrice.py[line:52] INFO 【SoloFltAdvicePrice】程序开始！
2026-06-29 02:02:09,986 run.py[line:87] INFO ===============SOLO_PART航班价格建议完成！===============
2026-06-29 02:02:10,896 basic_helper_fuction.py[line:234] INFO 生产环境接口：<Response [200]>
2026-06-29 03:00:00,093 send_mail.py[line:104] INFO IMAP 连接成功 | host=mail.xiamenair.com.cn:993
2026-06-29 03:00:00,294 send_mail.py[line:188] INFO IMAP 登录成功 | user=ps_rms@xiamenair.com
2026-06-29 03:00:00,300 send_mail.py[line:141] INFO 发件箱文件夹已定位 | folder="Sent Items"
2026-06-29 03:00:00,302 send_mail.py[line:211] INFO 按天数清理：无需清理 | keep_days=30
2026-06-29 03:00:00,304 send_mail.py[line:233] INFO 按数量清理：无需清理 | keep_max=200 | 当前邮件数=116
2026-06-29 03:00:00,305 send_mail.py[line:238] INFO 发件箱清理完成 | keep_days=30 | keep_max=200
2026-06-29 03:02:00,366 run.py[line:126] INFO <<<<<<<<<<<<<<<<<<<<<<<<<<<<<<【航班动态定价托管】7.0.0 程序开始！>>>>>>>>>>>>>>>>>>>>>>>>>>>>>>
2026-06-29 03:02:12,926 database_oracle.py[line:572] INFO DP_EST_DATA_CHG进程执行完毕！
2026-06-29 03:02:12,940 KNNBasePredictor.py[line:296] INFO 【SoloFlightNumberIncreaseKNN】程序开始！
2026-06-29 03:02:12,950 KNNBasePredictor.py[line:322] INFO 【SoloFlightNumberIncreaseKNN】触发8进程模式，数据量：40
2026-06-29 03:02:17,338 SoloBkdSharpRise.py[line:74] INFO bkd_sharp_rise: 检测到 0 条航班触发订座突增提价
2026-06-29 03:02:17,346 SoloAdvicePrice.py[line:52] INFO 【SoloFltAdvicePrice】程序开始！
2026-06-29 03:02:17,402 run.py[line:87] INFO ===============SOLO_PART航班价格建议完成！===============
2026-06-29 03:02:17,558 basic_helper_fuction.py[line:234] INFO 生产环境接口：<Response [200]>
2026-06-29 04:02:00,592 run.py[line:126] INFO <<<<<<<<<<<<<<<<<<<<<<<<<<<<<<【航班动态定价托管】7.0.0 程序开始！>>>>>>>>>>>>>>>>>>>>>>>>>>>>>>
2026-06-29 04:02:05,986 database_oracle.py[line:572] INFO DP_EST_DATA_CHG进程执行完毕！
2026-06-29 04:02:06,008 KNNBasePredictor.py[line:296] INFO 【SoloFlightNumberIncreaseKNN】程序开始！
2026-06-29 04:02:06,022 KNNBasePredictor.py[line:322] INFO 【SoloFlightNumberIncreaseKNN】触发8进程模式，数据量：177
2026-06-29 04:02:15,085 SoloBkdSharpRise.py[line:74] INFO bkd_sharp_rise: 检测到 0 条航班触发订座突增提价
2026-06-29 04:02:15,094 SoloAdvicePrice.py[line:52] INFO 【SoloFltAdvicePrice】程序开始！
2026-06-29 04:02:15,161 run.py[line:87] INFO ===============SOLO_PART航班价格建议完成！===============
2026-06-29 04:02:15,701 basic_helper_fuction.py[line:234] INFO 生产环境接口：<Response [200]>
2026-06-29 05:02:00,861 run.py[line:126] INFO <<<<<<<<<<<<<<<<<<<<<<<<<<<<<<【航班动态定价托管】7.0.0 程序开始！>>>>>>>>>>>>>>>>>>>>>>>>>>>>>>
2026-06-29 05:02:05,289 database_oracle.py[line:572] INFO DP_EST_DATA_CHG进程执行完毕！
2026-06-29 05:02:05,305 KNNBasePredictor.py[line:296] INFO 【SoloFlightNumberIncreaseKNN】程序开始！
2026-06-29 05:02:05,319 KNNBasePredictor.py[line:322] INFO 【SoloFlightNumberIncreaseKNN】触发8进程模式，数据量：40
2026-06-29 05:02:10,136 SoloBkdSharpRise.py[line:74] INFO bkd_sharp_rise: 检测到 0 条航班触发订座突增提价
2026-06-29 05:02:10,147 SoloAdvicePrice.py[line:52] INFO 【SoloFltAdvicePrice】程序开始！
2026-06-29 05:02:10,203 run.py[line:87] INFO ===============SOLO_PART航班价格建议完成！===============
2026-06-29 05:02:10,317 basic_helper_fuction.py[line:234] INFO 生产环境接口：<Response [200]>
2026-06-29 06:02:00,779 run.py[line:126] INFO <<<<<<<<<<<<<<<<<<<<<<<<<<<<<<【航班动态定价托管】7.0.0 程序开始！>>>>>>>>>>>>>>>>>>>>>>>>>>>>>>
2026-06-29 06:02:25,947 database_oracle.py[line:572] INFO DP_EST_DATA_CHG进程执行完毕！
2026-06-29 06:02:25,967 KNNBasePredictor.py[line:296] INFO 【SoloFlightNumberIncreaseKNN】程序开始！
2026-06-29 06:02:25,981 KNNBasePredictor.py[line:322] INFO 【SoloFlightNumberIncreaseKNN】触发8进程模式，数据量：178
2026-06-29 06:02:39,909 SoloBkdSharpRise.py[line:74] INFO bkd_sharp_rise: 检测到 0 条航班触发订座突增提价
2026-06-29 06:02:39,919 SoloAdvicePrice.py[line:52] INFO 【SoloFltAdvicePrice】程序开始！
2026-06-29 06:02:40,059 run.py[line:87] INFO ===============SOLO_PART航班价格建议完成！===============
2026-06-29 06:02:40,450 basic_helper_fuction.py[line:234] INFO 生产环境接口：<Response [200]>
2026-06-29 07:02:00,159 run.py[line:126] INFO <<<<<<<<<<<<<<<<<<<<<<<<<<<<<<【航班动态定价托管】7.0.0 程序开始！>>>>>>>>>>>>>>>>>>>>>>>>>>>>>>
2026-06-29 07:03:36,424 database_oracle.py[line:572] INFO DP_EST_DATA_CHG进程执行完毕！
2026-06-29 07:03:36,438 KNNBasePredictor.py[line:296] INFO 【SoloFlightNumberIncreaseKNN】程序开始！
2026-06-29 07:03:36,454 KNNBasePredictor.py[line:322] INFO 【SoloFlightNumberIncreaseKNN】触发8进程模式，数据量：40
2026-06-29 07:03:47,396 SoloBkdSharpRise.py[line:74] INFO bkd_sharp_rise: 检测到 0 条航班触发订座突增提价
2026-06-29 07:03:47,404 SoloAdvicePrice.py[line:52] INFO 【SoloFltAdvicePrice】程序开始！
2026-06-29 07:03:47,490 run.py[line:87] INFO ===============SOLO_PART航班价格建议完成！===============
2026-06-29 07:03:47,571 basic_helper_fuction.py[line:234] INFO 生产环境接口：<Response [200]>
2026-06-29 08:04:00,382 run.py[line:126] INFO <<<<<<<<<<<<<<<<<<<<<<<<<<<<<<【航班动态定价托管】7.0.0 程序开始！>>>>>>>>>>>>>>>>>>>>>>>>>>>>>>
2026-06-29 08:04:15,528 database_oracle.py[line:572] INFO DP_EST_DATA_CHG进程执行完毕！
2026-06-29 08:04:15,567 KNNBasePredictor.py[line:296] INFO 【SoloFlightNumberIncreaseKNN】程序开始！
2026-06-29 08:04:15,611 KNNBasePredictor.py[line:322] INFO 【SoloFlightNumberIncreaseKNN】触发8进程模式，数据量：729
2026-06-29 08:04:41,219 SoloBkdSharpRise.py[line:74] INFO bkd_sharp_rise: 检测到 0 条航班触发订座突增提价
2026-06-29 08:04:41,227 SoloAdvicePrice.py[line:52] INFO 【SoloFltAdvicePrice】程序开始！
2026-06-29 08:04:41,346 run.py[line:87] INFO ===============SOLO_PART航班价格建议完成！===============
2026-06-29 08:04:47,598 basic_helper_fuction.py[line:234] INFO 生产环境接口：<Response [200]>
2026-06-29 08:06:12,396 run.py[line:37] INFO <<<<<<<<<<<<<<<<<<<<<<<<<<<<<<【航班动态定价托管】7.0.0 程序开始！>>>>>>>>>>>>>>>>>>>>>>>>>>>>>>
2026-06-29 08:06:12,397 basic_helper_fuction.py[line:62] INFO 检测到调试器已附加，自动禁用多进程模式
2026-06-29 08:06:12,398 run.py[line:95] INFO 多进程已禁用，程序将以单进程模式运行
2026-06-29 08:06:12,657 KNNBasePredictor.py[line:296] INFO 【SoloFlightNumberIncreaseKNN】程序开始！
2026-06-29 08:06:12,684 KNNBasePredictor.py[line:314] INFO 【SoloFlightNumberIncreaseKNN】多进程已被环境变量禁用，使用单进程模式，数据量：729
2026-06-29 08:06:12,684 KNNBasePredictor.py[line:267] INFO 【SoloFlightNumberIncreaseKNN】单进程模式，数据量：729
2026-06-29 08:06:17,261 DataFetchRules.py[line:222] INFO 【DataFetchRules】航班序号：25，起飞日期：06月30日，航段：KHNKWE，航班号：8911 样本不足(0条)
2026-06-29 08:06:18,524 DataFetchRules.py[line:222] INFO 【DataFetchRules】航班序号：31，起飞日期：06月30日，航段：KWEKHN，航班号：8912 样本不足(0条)
2026-06-29 08:06:21,706 DataFetchRules.py[line:222] INFO 【DataFetchRules】航班序号：47，起飞日期：07月01日，航段：KHNKWE，航班号：8911 样本不足(0条)
2026-06-29 08:06:23,166 DataFetchRules.py[line:222] INFO 【DataFetchRules】航班序号：53，起飞日期：07月01日，航段：KWEKHN，航班号：8912 样本不足(0条)
2026-06-29 08:06:26,992 DataFetchRules.py[line:222] INFO 【DataFetchRules】航班序号：71，起飞日期：07月02日，航段：KHNKWE，航班号：8911 样本不足(0条)
2026-06-29 08:06:28,874 DataFetchRules.py[line:222] INFO 【DataFetchRules】航班序号：77，起飞日期：07月02日，航段：KWEKHN，航班号：8912 样本不足(0条)
2026-06-29 08:06:32,971 DataFetchRules.py[line:222] INFO 【DataFetchRules】航班序号：93，起飞日期：07月03日，航段：KHNKWE，航班号：8911 样本不足(0条)
2026-06-29 08:06:34,487 DataFetchRules.py[line:222] INFO 【DataFetchRules】航班序号：99，起飞日期：07月03日，航段：KWEKHN，航班号：8912 样本不足(0条)
2026-06-29 08:06:38,356 DataFetchRules.py[line:222] INFO 【DataFetchRules】航班序号：117，起飞日期：07月04日，航段：KHNKWE，航班号：8911 样本不足(0条)
2026-06-29 08:06:39,646 DataFetchRules.py[line:222] INFO 【DataFetchRules】航班序号：122，起飞日期：07月04日，航段：KWEKHN，航班号：8912 样本不足(0条)
2026-06-29 08:06:43,042 DataFetchRules.py[line:222] INFO 【DataFetchRules】航班序号：137，起飞日期：07月05日，航段：KHNKWE，航班号：8911 样本不足(0条)
2026-06-29 08:06:44,749 DataFetchRules.py[line:222] INFO 【DataFetchRules】航班序号：143，起飞日期：07月05日，航段：KWEKHN，航班号：8912 样本不足(0条)
2026-06-29 08:06:49,088 DataFetchRules.py[line:222] INFO 【DataFetchRules】航班序号：161，起飞日期：07月06日，航段：KHNKWE，航班号：8911 样本不足(0条)
2026-06-29 08:06:50,582 DataFetchRules.py[line:222] INFO 【DataFetchRules】航班序号：167，起飞日期：07月06日，航段：KWEKHN，航班号：8912 样本不足(0条)
2026-06-29 08:06:54,561 DataFetchRules.py[line:222] INFO 【DataFetchRules】航班序号：185，起飞日期：07月07日，航段：KHNKWE，航班号：8911 样本不足(0条)
2026-06-29 08:06:56,261 DataFetchRules.py[line:222] INFO 【DataFetchRules】航班序号：191，起飞日期：07月07日，航段：KWEKHN，航班号：8912 样本不足(0条)
2026-06-29 08:06:59,960 DataFetchRules.py[line:222] INFO 【DataFetchRules】航班序号：207，起飞日期：07月08日，航段：KHNKWE，航班号：8911 样本不足(0条)
2026-06-29 08:07:01,363 DataFetchRules.py[line:222] INFO 【DataFetchRules】航班序号：213，起飞日期：07月08日，航段：KWEKHN，航班号：8912 样本不足(0条)
2026-06-29 08:07:05,157 DataFetchRules.py[line:222] INFO 【DataFetchRules】航班序号：231，起飞日期：07月09日，航段：KHNKWE，航班号：8911 样本不足(0条)
2026-06-29 08:07:06,847 DataFetchRules.py[line:222] INFO 【DataFetchRules】航班序号：237，起飞日期：07月09日，航段：KWEKHN，航班号：8912 样本不足(0条)
2026-06-29 08:07:10,668 DataFetchRules.py[line:222] INFO 【DataFetchRules】航班序号：253，起飞日期：07月10日，航段：KHNKWE，航班号：8911 样本不足(0条)
2026-06-29 08:07:12,110 DataFetchRules.py[line:222] INFO 【DataFetchRules】航班序号：259，起飞日期：07月10日，航段：KWEKHN，航班号：8912 样本不足(0条)
2026-06-29 08:07:16,555 DataFetchRules.py[line:222] INFO 【DataFetchRules】航班序号：278，起飞日期：07月11日，航段：KHNKWE，航班号：8911 样本不足(0条)
2026-06-29 08:07:18,472 DataFetchRules.py[line:222] INFO 【DataFetchRules】航班序号：283，起飞日期：07月11日，航段：KWEKHN，航班号：8912 样本不足(0条)
2026-06-29 08:07:22,248 DataFetchRules.py[line:222] INFO 【DataFetchRules】航班序号：299，起飞日期：07月12日，航段：KHNKWE，航班号：8911 样本不足(0条)
2026-06-29 08:07:24,583 DataFetchRules.py[line:222] INFO 【DataFetchRules】航班序号：306，起飞日期：07月12日，航段：KWEKHN，航班号：8912 样本不足(0条)
2026-06-29 08:07:28,896 DataFetchRules.py[line:222] INFO 【DataFetchRules】航班序号：325，起飞日期：07月13日，航段：KHNKWE，航班号：8911 样本不足(0条)
2026-06-29 08:07:30,330 DataFetchRules.py[line:222] INFO 【DataFetchRules】航班序号：331，起飞日期：07月13日，航段：KWEKHN，航班号：8912 样本不足(0条)
2026-06-29 08:07:35,543 DataFetchRules.py[line:222] INFO 【DataFetchRules】航班序号：350，起飞日期：07月14日，航段：KHNKWE，航班号：8911 样本不足(0条)
2026-06-29 08:07:37,195 DataFetchRules.py[line:222] INFO 【DataFetchRules】航班序号：356，起飞日期：07月14日，航段：KWEKHN，航班号：8912 样本不足(0条)
2026-06-29 08:07:41,411 DataFetchRules.py[line:222] INFO 【DataFetchRules】航班序号：373，起飞日期：07月15日，航段：KHNKWE，航班号：8911 样本不足(0条)
2026-06-29 08:07:42,882 DataFetchRules.py[line:222] INFO 【DataFetchRules】航班序号：379，起飞日期：07月15日，航段：KWEKHN，航班号：8912 样本不足(0条)
2026-06-29 08:07:47,183 DataFetchRules.py[line:222] INFO 【DataFetchRules】航班序号：398，起飞日期：07月16日，航段：KHNKWE，航班号：8911 样本不足(0条)
2026-06-29 08:07:48,859 DataFetchRules.py[line:222] INFO 【DataFetchRules】航班序号：404，起飞日期：07月16日，航段：KWEKHN，航班号：8912 样本不足(0条)
2026-06-29 08:07:53,210 DataFetchRules.py[line:222] INFO 【DataFetchRules】航班序号：421，起飞日期：07月17日，航段：KHNKWE，航班号：8911 样本不足(0条)
2026-06-29 08:07:55,131 DataFetchRules.py[line:222] INFO 【DataFetchRules】航班序号：428，起飞日期：07月17日，航段：KWEKHN，航班号：8912 样本不足(0条)
2026-06-29 08:07:59,818 DataFetchRules.py[line:222] INFO 【DataFetchRules】航班序号：448，起飞日期：07月18日，航段：KHNKWE，航班号：8911 样本不足(0条)
2026-06-29 08:08:01,078 DataFetchRules.py[line:222] INFO 【DataFetchRules】航班序号：453，起飞日期：07月18日，航段：KWEKHN，航班号：8912 样本不足(0条)
2026-06-29 08:08:04,674 DataFetchRules.py[line:222] INFO 【DataFetchRules】航班序号：469，起飞日期：07月19日，航段：KHNKWE，航班号：8911 样本不足(0条)
2026-06-29 08:08:06,672 DataFetchRules.py[line:222] INFO 【DataFetchRules】航班序号：476，起飞日期：07月19日，航段：KWEKHN，航班号：8912 样本不足(0条)
2026-06-29 08:08:16,874 DataFetchRules.py[line:222] INFO 【DataFetchRules】航班序号：495，起飞日期：07月20日，航段：KHNKWE，航班号：8911 样本不足(0条)
2026-06-29 08:08:18,541 DataFetchRules.py[line:222] INFO 【DataFetchRules】航班序号：501，起飞日期：07月20日，航段：KWEKHN，航班号：8912 样本不足(0条)
2026-06-29 08:08:22,763 DataFetchRules.py[line:222] INFO 【DataFetchRules】航班序号：520，起飞日期：07月21日，航段：KHNKWE，航班号：8911 样本不足(0条)
2026-06-29 08:08:24,535 DataFetchRules.py[line:222] INFO 【DataFetchRules】航班序号：526，起飞日期：07月21日，航段：KWEKHN，航班号：8912 样本不足(0条)
2026-06-29 08:08:28,670 DataFetchRules.py[line:222] INFO 【DataFetchRules】航班序号：543，起飞日期：07月22日，航段：KHNKWE，航班号：8911 样本不足(0条)
2026-06-29 08:08:30,084 DataFetchRules.py[line:222] INFO 【DataFetchRules】航班序号：549，起飞日期：07月22日，航段：KWEKHN，航班号：8912 样本不足(0条)
2026-06-29 08:08:34,333 DataFetchRules.py[line:222] INFO 【DataFetchRules】航班序号：568，起飞日期：07月23日，航段：KHNKWE，航班号：8911 样本不足(0条)
2026-06-29 08:08:36,100 DataFetchRules.py[line:222] INFO 【DataFetchRules】航班序号：574，起飞日期：07月23日，航段：KWEKHN，航班号：8912 样本不足(0条)
2026-06-29 08:08:40,232 DataFetchRules.py[line:222] INFO 【DataFetchRules】航班序号：591，起飞日期：07月24日，航段：KHNKWE，航班号：8911 样本不足(0条)
2026-06-29 08:08:47,875 DataFetchRules.py[line:222] INFO 【DataFetchRules】航班序号：598，起飞日期：07月24日，航段：KWEKHN，航班号：8912 样本不足(0条)
2026-06-29 08:08:52,595 DataFetchRules.py[line:222] INFO 【DataFetchRules】航班序号：618，起飞日期：07月25日，航段：KHNKWE，航班号：8911 样本不足(0条)
2026-06-29 08:08:53,825 DataFetchRules.py[line:222] INFO 【DataFetchRules】航班序号：623，起飞日期：07月25日，航段：KWEKHN，航班号：8912 样本不足(0条)
2026-06-29 08:08:57,793 DataFetchRules.py[line:222] INFO 【DataFetchRules】航班序号：639，起飞日期：07月26日，航段：KHNKWE，航班号：8911 样本不足(0条)
2026-06-29 08:08:59,776 DataFetchRules.py[line:222] INFO 【DataFetchRules】航班序号：646，起飞日期：07月26日，航段：KWEKHN，航班号：8912 样本不足(0条)
2026-06-29 08:09:04,071 DataFetchRules.py[line:222] INFO 【DataFetchRules】航班序号：665，起飞日期：07月27日，航段：KHNKWE，航班号：8911 样本不足(0条)
2026-06-29 08:09:10,466 DataFetchRules.py[line:222] INFO 【DataFetchRules】航班序号：671，起飞日期：07月27日，航段：KWEKHN，航班号：8912 样本不足(0条)
2026-06-29 08:09:15,106 DataFetchRules.py[line:222] INFO 【DataFetchRules】航班序号：690，起飞日期：07月28日，航段：KHNKWE，航班号：8911 样本不足(0条)
2026-06-29 08:09:17,028 DataFetchRules.py[line:222] INFO 【DataFetchRules】航班序号：696，起飞日期：07月28日，航段：KWEKHN，航班号：8912 样本不足(0条)
2026-06-29 08:09:21,340 DataFetchRules.py[line:222] INFO 【DataFetchRules】航班序号：713，起飞日期：07月29日，航段：KHNKWE，航班号：8911 样本不足(0条)
2026-06-29 08:09:22,810 DataFetchRules.py[line:222] INFO 【DataFetchRules】航班序号：719，起飞日期：07月29日，航段：KWEKHN，航班号：8912 样本不足(0条)
2026-06-29 08:09:38,098 SoloBkdSharpRise.py[line:74] INFO bkd_sharp_rise: 检测到 0 条航班触发订座突增提价
2026-06-29 08:09:56,402 SoloAdvicePrice.py[line:52] INFO 【SoloFltAdvicePrice】程序开始！
2026-06-29 08:10:54,759 run.py[line:37] INFO <<<<<<<<<<<<<<<<<<<<<<<<<<<<<<【航班动态定价托管】7.0.0 程序开始！>>>>>>>>>>>>>>>>>>>>>>>>>>>>>>
2026-06-29 08:10:54,759 basic_helper_fuction.py[line:62] INFO 检测到调试器已附加，自动禁用多进程模式
2026-06-29 08:10:54,760 run.py[line:95] INFO 多进程已禁用，程序将以单进程模式运行
2026-06-29 08:10:55,019 KNNBasePredictor.py[line:296] INFO 【SoloFlightNumberIncreaseKNN】程序开始！
2026-06-29 08:10:55,052 KNNBasePredictor.py[line:314] INFO 【SoloFlightNumberIncreaseKNN】多进程已被环境变量禁用，使用单进程模式，数据量：729
2026-06-29 08:10:55,053 KNNBasePredictor.py[line:267] INFO 【SoloFlightNumberIncreaseKNN】单进程模式，数据量：729
2026-06-29 08:11:00,005 DataFetchRules.py[line:222] INFO 【DataFetchRules】航班序号：25，起飞日期：06月30日，航段：KHNKWE，航班号：8911 样本不足(0条)
2026-06-29 08:11:01,466 DataFetchRules.py[line:222] INFO 【DataFetchRules】航班序号：31，起飞日期：06月30日，航段：KWEKHN，航班号：8912 样本不足(0条)
2026-06-29 08:11:04,849 DataFetchRules.py[line:222] INFO 【DataFetchRules】航班序号：47，起飞日期：07月01日，航段：KHNKWE，航班号：8911 样本不足(0条)
2026-06-29 08:11:06,327 DataFetchRules.py[line:222] INFO 【DataFetchRules】航班序号：53，起飞日期：07月01日，航段：KWEKHN，航班号：8912 样本不足(0条)
2026-06-29 08:11:10,411 DataFetchRules.py[line:222] INFO 【DataFetchRules】航班序号：71，起飞日期：07月02日，航段：KHNKWE，航班号：8911 样本不足(0条)
2026-06-29 08:11:12,176 DataFetchRules.py[line:222] INFO 【DataFetchRules】航班序号：77，起飞日期：07月02日，航段：KWEKHN，航班号：8912 样本不足(0条)
2026-06-29 08:11:16,174 DataFetchRules.py[line:222] INFO 【DataFetchRules】航班序号：93，起飞日期：07月03日，航段：KHNKWE，航班号：8911 样本不足(0条)
2026-06-29 08:11:17,778 DataFetchRules.py[line:222] INFO 【DataFetchRules】航班序号：99，起飞日期：07月03日，航段：KWEKHN，航班号：8912 样本不足(0条)
2026-06-29 08:11:22,085 DataFetchRules.py[line:222] INFO 【DataFetchRules】航班序号：117，起飞日期：07月04日，航段：KHNKWE，航班号：8911 样本不足(0条)
2026-06-29 08:11:23,382 DataFetchRules.py[line:222] INFO 【DataFetchRules】航班序号：122，起飞日期：07月04日，航段：KWEKHN，航班号：8912 样本不足(0条)
2026-06-29 08:11:26,893 DataFetchRules.py[line:222] INFO 【DataFetchRules】航班序号：137，起飞日期：07月05日，航段：KHNKWE，航班号：8911 样本不足(0条)
2026-06-29 08:11:28,734 DataFetchRules.py[line:222] INFO 【DataFetchRules】航班序号：143，起飞日期：07月05日，航段：KWEKHN，航班号：8912 样本不足(0条)
2026-06-29 08:11:33,209 DataFetchRules.py[line:222] INFO 【DataFetchRules】航班序号：161，起飞日期：07月06日，航段：KHNKWE，航班号：8911 样本不足(0条)
2026-06-29 08:11:34,715 DataFetchRules.py[line:222] INFO 【DataFetchRules】航班序号：167，起飞日期：07月06日，航段：KWEKHN，航班号：8912 样本不足(0条)
2026-06-29 08:11:38,863 DataFetchRules.py[line:222] INFO 【DataFetchRules】航班序号：185，起飞日期：07月07日，航段：KHNKWE，航班号：8911 样本不足(0条)
2026-06-29 08:11:40,600 DataFetchRules.py[line:222] INFO 【DataFetchRules】航班序号：191，起飞日期：07月07日，航段：KWEKHN，航班号：8912 样本不足(0条)
2026-06-29 08:11:44,629 DataFetchRules.py[line:222] INFO 【DataFetchRules】航班序号：207，起飞日期：07月08日，航段：KHNKWE，航班号：8911 样本不足(0条)
2026-06-29 08:11:46,175 DataFetchRules.py[line:222] INFO 【DataFetchRules】航班序号：213，起飞日期：07月08日，航段：KWEKHN，航班号：8912 样本不足(0条)
2026-06-29 08:11:50,179 DataFetchRules.py[line:222] INFO 【DataFetchRules】航班序号：231，起飞日期：07月09日，航段：KHNKWE，航班号：8911 样本不足(0条)
2026-06-29 08:11:52,028 DataFetchRules.py[line:222] INFO 【DataFetchRules】航班序号：237，起飞日期：07月09日，航段：KWEKHN，航班号：8912 样本不足(0条)
2026-06-29 08:11:55,843 DataFetchRules.py[line:222] INFO 【DataFetchRules】航班序号：253，起飞日期：07月10日，航段：KHNKWE，航班号：8911 样本不足(0条)
2026-06-29 08:11:57,266 DataFetchRules.py[line:222] INFO 【DataFetchRules】航班序号：259，起飞日期：07月10日，航段：KWEKHN，航班号：8912 样本不足(0条)
2026-06-29 08:12:01,466 DataFetchRules.py[line:222] INFO 【DataFetchRules】航班序号：278，起飞日期：07月11日，航段：KHNKWE，航班号：8911 样本不足(0条)
2026-06-29 08:12:02,732 DataFetchRules.py[line:222] INFO 【DataFetchRules】航班序号：283，起飞日期：07月11日，航段：KWEKHN，航班号：8912 样本不足(0条)
2026-06-29 08:12:06,686 DataFetchRules.py[line:222] INFO 【DataFetchRules】航班序号：299，起飞日期：07月12日，航段：KHNKWE，航班号：8911 样本不足(0条)
2026-06-29 08:12:08,742 DataFetchRules.py[line:222] INFO 【DataFetchRules】航班序号：306，起飞日期：07月12日，航段：KWEKHN，航班号：8912 样本不足(0条)
2026-06-29 08:12:13,103 DataFetchRules.py[line:222] INFO 【DataFetchRules】航班序号：325，起飞日期：07月13日，航段：KHNKWE，航班号：8911 样本不足(0条)
2026-06-29 08:12:14,541 DataFetchRules.py[line:222] INFO 【DataFetchRules】航班序号：331，起飞日期：07月13日，航段：KWEKHN，航班号：8912 样本不足(0条)
2026-06-29 08:12:18,816 DataFetchRules.py[line:222] INFO 【DataFetchRules】航班序号：350，起飞日期：07月14日，航段：KHNKWE，航班号：8911 样本不足(0条)
2026-06-29 08:12:20,586 DataFetchRules.py[line:222] INFO 【DataFetchRules】航班序号：356，起飞日期：07月14日，航段：KWEKHN，航班号：8912 样本不足(0条)
2026-06-29 08:12:24,820 DataFetchRules.py[line:222] INFO 【DataFetchRules】航班序号：373，起飞日期：07月15日，航段：KHNKWE，航班号：8911 样本不足(0条)
2026-06-29 08:12:26,241 DataFetchRules.py[line:222] INFO 【DataFetchRules】航班序号：379，起飞日期：07月15日，航段：KWEKHN，航班号：8912 样本不足(0条)
2026-06-29 08:12:30,717 DataFetchRules.py[line:222] INFO 【DataFetchRules】航班序号：398，起飞日期：07月16日，航段：KHNKWE，航班号：8911 样本不足(0条)
2026-06-29 08:12:32,585 DataFetchRules.py[line:222] INFO 【DataFetchRules】航班序号：404，起飞日期：07月16日，航段：KWEKHN，航班号：8912 样本不足(0条)
2026-06-29 08:12:36,871 DataFetchRules.py[line:222] INFO 【DataFetchRules】航班序号：421，起飞日期：07月17日，航段：KHNKWE，航班号：8911 样本不足(0条)
2026-06-29 08:12:39,025 DataFetchRules.py[line:222] INFO 【DataFetchRules】航班序号：428，起飞日期：07月17日，航段：KWEKHN，航班号：8912 样本不足(0条)
2026-06-29 08:12:44,267 DataFetchRules.py[line:222] INFO 【DataFetchRules】航班序号：448，起飞日期：07月18日，航段：KHNKWE，航班号：8911 样本不足(0条)
2026-06-29 08:12:45,760 DataFetchRules.py[line:222] INFO 【DataFetchRules】航班序号：453，起飞日期：07月18日，航段：KWEKHN，航班号：8912 样本不足(0条)
2026-06-29 08:12:49,843 DataFetchRules.py[line:222] INFO 【DataFetchRules】航班序号：469，起飞日期：07月19日，航段：KHNKWE，航班号：8911 样本不足(0条)
2026-06-29 08:12:51,724 DataFetchRules.py[line:222] INFO 【DataFetchRules】航班序号：476，起飞日期：07月19日，航段：KWEKHN，航班号：8912 样本不足(0条)
2026-06-29 08:12:56,502 DataFetchRules.py[line:222] INFO 【DataFetchRules】航班序号：495，起飞日期：07月20日，航段：KHNKWE，航班号：8911 样本不足(0条)
2026-06-29 08:12:58,202 DataFetchRules.py[line:222] INFO 【DataFetchRules】航班序号：501，起飞日期：07月20日，航段：KWEKHN，航班号：8912 样本不足(0条)
2026-06-29 08:13:02,654 DataFetchRules.py[line:222] INFO 【DataFetchRules】航班序号：520，起飞日期：07月21日，航段：KHNKWE，航班号：8911 样本不足(0条)
2026-06-29 08:13:04,452 DataFetchRules.py[line:222] INFO 【DataFetchRules】航班序号：526，起飞日期：07月21日，航段：KWEKHN，航班号：8912 样本不足(0条)
2026-06-29 08:13:08,698 DataFetchRules.py[line:222] INFO 【DataFetchRules】航班序号：543，起飞日期：07月22日，航段：KHNKWE，航班号：8911 样本不足(0条)
2026-06-29 08:13:10,275 DataFetchRules.py[line:222] INFO 【DataFetchRules】航班序号：549，起飞日期：07月22日，航段：KWEKHN，航班号：8912 样本不足(0条)
2026-06-29 08:13:14,980 DataFetchRules.py[line:222] INFO 【DataFetchRules】航班序号：568，起飞日期：07月23日，航段：KHNKWE，航班号：8911 样本不足(0条)
2026-06-29 08:13:16,832 DataFetchRules.py[line:222] INFO 【DataFetchRules】航班序号：574，起飞日期：07月23日，航段：KWEKHN，航班号：8912 样本不足(0条)
2026-06-29 08:13:21,129 DataFetchRules.py[line:222] INFO 【DataFetchRules】航班序号：591，起飞日期：07月24日，航段：KHNKWE，航班号：8911 样本不足(0条)
2026-06-29 08:13:23,053 DataFetchRules.py[line:222] INFO 【DataFetchRules】航班序号：598，起飞日期：07月24日，航段：KWEKHN，航班号：8912 样本不足(0条)
2026-06-29 08:13:27,948 DataFetchRules.py[line:222] INFO 【DataFetchRules】航班序号：618，起飞日期：07月25日，航段：KHNKWE，航班号：8911 样本不足(0条)
2026-06-29 08:13:29,280 DataFetchRules.py[line:222] INFO 【DataFetchRules】航班序号：623，起飞日期：07月25日，航段：KWEKHN，航班号：8912 样本不足(0条)
2026-06-29 08:13:33,286 DataFetchRules.py[line:222] INFO 【DataFetchRules】航班序号：639，起飞日期：07月26日，航段：KHNKWE，航班号：8911 样本不足(0条)
2026-06-29 08:13:35,245 DataFetchRules.py[line:222] INFO 【DataFetchRules】航班序号：646，起飞日期：07月26日，航段：KWEKHN，航班号：8912 样本不足(0条)
2026-06-29 08:13:39,762 DataFetchRules.py[line:222] INFO 【DataFetchRules】航班序号：665，起飞日期：07月27日，航段：KHNKWE，航班号：8911 样本不足(0条)
2026-06-29 08:13:41,382 DataFetchRules.py[line:222] INFO 【DataFetchRules】航班序号：671，起飞日期：07月27日，航段：KWEKHN，航班号：8912 样本不足(0条)
2026-06-29 08:13:46,177 DataFetchRules.py[line:222] INFO 【DataFetchRules】航班序号：690，起飞日期：07月28日，航段：KHNKWE，航班号：8911 样本不足(0条)
2026-06-29 08:13:48,143 DataFetchRules.py[line:222] INFO 【DataFetchRules】航班序号：696，起飞日期：07月28日，航段：KWEKHN，航班号：8912 样本不足(0条)
2026-06-29 08:13:52,753 DataFetchRules.py[line:222] INFO 【DataFetchRules】航班序号：713，起飞日期：07月29日，航段：KHNKWE，航班号：8911 样本不足(0条)
2026-06-29 08:13:54,306 DataFetchRules.py[line:222] INFO 【DataFetchRules】航班序号：719，起飞日期：07月29日，航段：KWEKHN，航班号：8912 样本不足(0条)
2026-06-29 08:14:11,176 SoloBkdSharpRise.py[line:74] INFO bkd_sharp_rise: 检测到 0 条航班触发订座突增提价
2026-06-29 08:14:12,198 SoloAdvicePrice.py[line:52] INFO 【SoloFltAdvicePrice】程序开始！
2026-06-29 08:17:31,976 run.py[line:37] INFO <<<<<<<<<<<<<<<<<<<<<<<<<<<<<<【航班动态定价托管】7.0.0 程序开始！>>>>>>>>>>>>>>>>>>>>>>>>>>>>>>
2026-06-29 08:17:31,977 basic_helper_fuction.py[line:62] INFO 检测到调试器已附加，自动禁用多进程模式
2026-06-29 08:17:31,977 run.py[line:95] INFO 多进程已禁用，程序将以单进程模式运行
2026-06-29 08:17:32,578 KNNBasePredictor.py[line:296] INFO 【SoloFlightNumberIncreaseKNN】程序开始！
2026-06-29 08:17:32,605 KNNBasePredictor.py[line:314] INFO 【SoloFlightNumberIncreaseKNN】多进程已被环境变量禁用，使用单进程模式，数据量：729
2026-06-29 08:17:32,605 KNNBasePredictor.py[line:267] INFO 【SoloFlightNumberIncreaseKNN】单进程模式，数据量：729
2026-06-29 08:17:37,380 DataFetchRules.py[line:222] INFO 【DataFetchRules】航班序号：25，起飞日期：06月30日，航段：KHNKWE，航班号：8911 样本不足(0条)
2026-06-29 08:17:38,764 DataFetchRules.py[line:222] INFO 【DataFetchRules】航班序号：31，起飞日期：06月30日，航段：KWEKHN，航班号：8912 样本不足(0条)
2026-06-29 08:17:42,777 DataFetchRules.py[line:222] INFO 【DataFetchRules】航班序号：47，起飞日期：07月01日，航段：KHNKWE，航班号：8911 样本不足(0条)
2026-06-29 08:17:44,345 DataFetchRules.py[line:222] INFO 【DataFetchRules】航班序号：53，起飞日期：07月01日，航段：KWEKHN，航班号：8912 样本不足(0条)
2026-06-29 08:17:48,427 DataFetchRules.py[line:222] INFO 【DataFetchRules】航班序号：71，起飞日期：07月02日，航段：KHNKWE，航班号：8911 样本不足(0条)
2026-06-29 08:17:50,325 DataFetchRules.py[line:222] INFO 【DataFetchRules】航班序号：77，起飞日期：07月02日，航段：KWEKHN，航班号：8912 样本不足(0条)
2026-06-29 08:17:54,392 DataFetchRules.py[line:222] INFO 【DataFetchRules】航班序号：93，起飞日期：07月03日，航段：KHNKWE，航班号：8911 样本不足(0条)
2026-06-29 08:17:56,041 DataFetchRules.py[line:222] INFO 【DataFetchRules】航班序号：99，起飞日期：07月03日，航段：KWEKHN，航班号：8912 样本不足(0条)
2026-06-29 08:18:00,147 DataFetchRules.py[line:222] INFO 【DataFetchRules】航班序号：117，起飞日期：07月04日，航段：KHNKWE，航班号：8911 样本不足(0条)
2026-06-29 08:18:01,673 DataFetchRules.py[line:222] INFO 【DataFetchRules】航班序号：122，起飞日期：07月04日，航段：KWEKHN，航班号：8912 样本不足(0条)
2026-06-29 08:18:05,242 DataFetchRules.py[line:222] INFO 【DataFetchRules】航班序号：137，起飞日期：07月05日，航段：KHNKWE，航班号：8911 样本不足(0条)
2026-06-29 08:18:07,031 DataFetchRules.py[line:222] INFO 【DataFetchRules】航班序号：143，起飞日期：07月05日，航段：KWEKHN，航班号：8912 样本不足(0条)
2026-06-29 08:18:11,379 DataFetchRules.py[line:222] INFO 【DataFetchRules】航班序号：161，起飞日期：07月06日，航段：KHNKWE，航班号：8911 样本不足(0条)
2026-06-29 08:18:12,924 DataFetchRules.py[line:222] INFO 【DataFetchRules】航班序号：167，起飞日期：07月06日，航段：KWEKHN，航班号：8912 样本不足(0条)
2026-06-29 08:18:17,163 DataFetchRules.py[line:222] INFO 【DataFetchRules】航班序号：185，起飞日期：07月07日，航段：KHNKWE，航班号：8911 样本不足(0条)
2026-06-29 08:18:19,010 DataFetchRules.py[line:222] INFO 【DataFetchRules】航班序号：191，起飞日期：07月07日，航段：KWEKHN，航班号：8912 样本不足(0条)
2026-06-29 08:18:23,100 DataFetchRules.py[line:222] INFO 【DataFetchRules】航班序号：207，起飞日期：07月08日，航段：KHNKWE，航班号：8911 样本不足(0条)
2026-06-29 08:18:24,646 DataFetchRules.py[line:222] INFO 【DataFetchRules】航班序号：213，起飞日期：07月08日，航段：KWEKHN，航班号：8912 样本不足(0条)
2026-06-29 08:18:28,709 DataFetchRules.py[line:222] INFO 【DataFetchRules】航班序号：231，起飞日期：07月09日，航段：KHNKWE，航班号：8911 样本不足(0条)
2026-06-29 08:18:30,471 DataFetchRules.py[line:222] INFO 【DataFetchRules】航班序号：237，起飞日期：07月09日，航段：KWEKHN，航班号：8912 样本不足(0条)
2026-06-29 08:18:34,570 DataFetchRules.py[line:222] INFO 【DataFetchRules】航班序号：253，起飞日期：07月10日，航段：KHNKWE，航班号：8911 样本不足(0条)
2026-06-29 08:18:36,207 DataFetchRules.py[line:222] INFO 【DataFetchRules】航班序号：259，起飞日期：07月10日，航段：KWEKHN，航班号：8912 样本不足(0条)
2026-06-29 08:18:40,749 DataFetchRules.py[line:222] INFO 【DataFetchRules】航班序号：278，起飞日期：07月11日，航段：KHNKWE，航班号：8911 样本不足(0条)
2026-06-29 08:18:42,105 DataFetchRules.py[line:222] INFO 【DataFetchRules】航班序号：283，起飞日期：07月11日，航段：KWEKHN，航班号：8912 样本不足(0条)
2026-06-29 08:18:46,127 DataFetchRules.py[line:222] INFO 【DataFetchRules】航班序号：299，起飞日期：07月12日，航段：KHNKWE，航班号：8911 样本不足(0条)
2026-06-29 08:18:48,139 DataFetchRules.py[line:222] INFO 【DataFetchRules】航班序号：306，起飞日期：07月12日，航段：KWEKHN，航班号：8912 样本不足(0条)
2026-06-29 08:18:52,671 DataFetchRules.py[line:222] INFO 【DataFetchRules】航班序号：325，起飞日期：07月13日，航段：KHNKWE，航班号：8911 样本不足(0条)
2026-06-29 08:18:54,198 DataFetchRules.py[line:222] INFO 【DataFetchRules】航班序号：331，起飞日期：07月13日，航段：KWEKHN，航班号：8912 样本不足(0条)
2026-06-29 08:19:03,735 DataFetchRules.py[line:222] INFO 【DataFetchRules】航班序号：350，起飞日期：07月14日，航段：KHNKWE，航班号：8911 样本不足(0条)
2026-06-29 08:19:05,496 DataFetchRules.py[line:222] INFO 【DataFetchRules】航班序号：356，起飞日期：07月14日，航段：KWEKHN，航班号：8912 样本不足(0条)
2026-06-29 08:19:09,906 DataFetchRules.py[line:222] INFO 【DataFetchRules】航班序号：373，起飞日期：07月15日，航段：KHNKWE，航班号：8911 样本不足(0条)
2026-06-29 08:19:11,453 DataFetchRules.py[line:222] INFO 【DataFetchRules】航班序号：379，起飞日期：07月15日，航段：KWEKHN，航班号：8912 样本不足(0条)
2026-06-29 08:19:16,137 DataFetchRules.py[line:222] INFO 【DataFetchRules】航班序号：398，起飞日期：07月16日，航段：KHNKWE，航班号：8911 样本不足(0条)
2026-06-29 08:19:18,043 DataFetchRules.py[line:222] INFO 【DataFetchRules】航班序号：404，起飞日期：07月16日，航段：KWEKHN，航班号：8912 样本不足(0条)
2026-06-29 08:19:23,293 DataFetchRules.py[line:222] INFO 【DataFetchRules】航班序号：421，起飞日期：07月17日，航段：KHNKWE，航班号：8911 样本不足(0条)
2026-06-29 08:19:25,195 DataFetchRules.py[line:222] INFO 【DataFetchRules】航班序号：428，起飞日期：07月17日，航段：KWEKHN，航班号：8912 样本不足(0条)
2026-06-29 08:19:30,168 DataFetchRules.py[line:222] INFO 【DataFetchRules】航班序号：448，起飞日期：07月18日，航段：KHNKWE，航班号：8911 样本不足(0条)
2026-06-29 08:19:31,485 DataFetchRules.py[line:222] INFO 【DataFetchRules】航班序号：453，起飞日期：07月18日，航段：KWEKHN，航班号：8912 样本不足(0条)
2026-06-29 08:19:35,510 DataFetchRules.py[line:222] INFO 【DataFetchRules】航班序号：469，起飞日期：07月19日，航段：KHNKWE，航班号：8911 样本不足(0条)
2026-06-29 08:19:37,496 DataFetchRules.py[line:222] INFO 【DataFetchRules】航班序号：476，起飞日期：07月19日，航段：KWEKHN，航班号：8912 样本不足(0条)
2026-06-29 08:19:42,094 DataFetchRules.py[line:222] INFO 【DataFetchRules】航班序号：495，起飞日期：07月20日，航段：KHNKWE，航班号：8911 样本不足(0条)
2026-06-29 08:19:43,700 DataFetchRules.py[line:222] INFO 【DataFetchRules】航班序号：501，起飞日期：07月20日，航段：KWEKHN，航班号：8912 样本不足(0条)
2026-06-29 08:19:48,199 DataFetchRules.py[line:222] INFO 【DataFetchRules】航班序号：520，起飞日期：07月21日，航段：KHNKWE，航班号：8911 样本不足(0条)
2026-06-29 08:19:50,005 DataFetchRules.py[line:222] INFO 【DataFetchRules】航班序号：526，起飞日期：07月21日，航段：KWEKHN，航班号：8912 样本不足(0条)
2026-06-29 08:19:54,634 DataFetchRules.py[line:222] INFO 【DataFetchRules】航班序号：543，起飞日期：07月22日，航段：KHNKWE，航班号：8911 样本不足(0条)
2026-06-29 08:19:56,177 DataFetchRules.py[line:222] INFO 【DataFetchRules】航班序号：549，起飞日期：07月22日，航段：KWEKHN，航班号：8912 样本不足(0条)
2026-06-29 08:20:00,769 DataFetchRules.py[line:222] INFO 【DataFetchRules】航班序号：568，起飞日期：07月23日，航段：KHNKWE，航班号：8911 样本不足(0条)
2026-06-29 08:20:02,552 DataFetchRules.py[line:222] INFO 【DataFetchRules】航班序号：574，起飞日期：07月23日，航段：KWEKHN，航班号：8912 样本不足(0条)
2026-06-29 08:20:07,138 DataFetchRules.py[line:222] INFO 【DataFetchRules】航班序号：591，起飞日期：07月24日，航段：KHNKWE，航班号：8911 样本不足(0条)
2026-06-29 08:20:09,078 DataFetchRules.py[line:222] INFO 【DataFetchRules】航班序号：598，起飞日期：07月24日，航段：KWEKHN，航班号：8912 样本不足(0条)
2026-06-29 08:20:14,104 DataFetchRules.py[line:222] INFO 【DataFetchRules】航班序号：618，起飞日期：07月25日，航段：KHNKWE，航班号：8911 样本不足(0条)
2026-06-29 08:20:15,556 DataFetchRules.py[line:222] INFO 【DataFetchRules】航班序号：623，起飞日期：07月25日，航段：KWEKHN，航班号：8912 样本不足(0条)
2026-06-29 08:20:19,834 DataFetchRules.py[line:222] INFO 【DataFetchRules】航班序号：639，起飞日期：07月26日，航段：KHNKWE，航班号：8911 样本不足(0条)
2026-06-29 08:20:21,896 DataFetchRules.py[line:222] INFO 【DataFetchRules】航班序号：646，起飞日期：07月26日，航段：KWEKHN，航班号：8912 样本不足(0条)
2026-06-29 08:20:26,484 DataFetchRules.py[line:222] INFO 【DataFetchRules】航班序号：665，起飞日期：07月27日，航段：KHNKWE，航班号：8911 样本不足(0条)
2026-06-29 08:20:27,988 DataFetchRules.py[line:222] INFO 【DataFetchRules】航班序号：671，起飞日期：07月27日，航段：KWEKHN，航班号：8912 样本不足(0条)
2026-06-29 08:20:32,590 DataFetchRules.py[line:222] INFO 【DataFetchRules】航班序号：690，起飞日期：07月28日，航段：KHNKWE，航班号：8911 样本不足(0条)
2026-06-29 08:20:34,439 DataFetchRules.py[line:222] INFO 【DataFetchRules】航班序号：696，起飞日期：07月28日，航段：KWEKHN，航班号：8912 样本不足(0条)
2026-06-29 08:20:38,881 DataFetchRules.py[line:222] INFO 【DataFetchRules】航班序号：713，起飞日期：07月29日，航段：KHNKWE，航班号：8911 样本不足(0条)
2026-06-29 08:20:40,478 DataFetchRules.py[line:222] INFO 【DataFetchRules】航班序号：719，起飞日期：07月29日，航段：KWEKHN，航班号：8912 样本不足(0条)
2026-06-29 08:20:46,192 SoloBkdSharpRise.py[line:74] INFO bkd_sharp_rise: 检测到 0 条航班触发订座突增提价
2026-06-29 08:20:47,475 SoloAdvicePrice.py[line:52] INFO 【SoloFltAdvicePrice】程序开始！
2026-06-29 08:20:59,384 run.py[line:37] INFO <<<<<<<<<<<<<<<<<<<<<<<<<<<<<<【航班动态定价托管】7.0.0 程序开始！>>>>>>>>>>>>>>>>>>>>>>>>>>>>>>
2026-06-29 08:20:59,731 KNNBasePredictor.py[line:296] INFO 【SoloFlightNumberIncreaseKNN】程序开始！
2026-06-29 08:20:59,760 KNNBasePredictor.py[line:322] INFO 【SoloFlightNumberIncreaseKNN】触发8进程模式，数据量：729
2026-06-29 08:21:29,063 SoloBkdSharpRise.py[line:74] INFO bkd_sharp_rise: 检测到 0 条航班触发订座突增提价
2026-06-29 08:21:29,077 SoloAdvicePrice.py[line:52] INFO 【SoloFltAdvicePrice】程序开始！
2026-06-29 08:21:29,206 run.py[line:87] INFO ===============SOLO_PART航班价格建议完成！===============
2026-06-29 08:21:37,962 basic_helper_fuction.py[line:234] INFO 生产环境接口：<Response [200]>
2026-06-29 08:26:49,551 basic_helper_fuction.py[line:219] WARNING 程序临时执行，删除由此产生的重复数据！
2026-06-29 08:26:49,552 run.py[line:57] INFO 定时任务已注册，进入轮询模式...
2026-06-29 09:02:00,786 run.py[line:126] INFO <<<<<<<<<<<<<<<<<<<<<<<<<<<<<<【航班动态定价托管】7.0.0 程序开始！>>>>>>>>>>>>>>>>>>>>>>>>>>>>>>
2026-06-29 09:02:36,079 database_oracle.py[line:572] INFO DP_EST_DATA_CHG进程执行完毕！
2026-06-29 09:02:36,095 KNNBasePredictor.py[line:296] INFO 【SoloFlightNumberIncreaseKNN】程序开始！
2026-06-29 09:02:36,154 KNNBasePredictor.py[line:322] INFO 【SoloFlightNumberIncreaseKNN】触发8进程模式，数据量：37
2026-06-29 09:02:41,770 SoloBkdSharpRise.py[line:74] INFO bkd_sharp_rise: 检测到 0 条航班触发订座突增提价
2026-06-29 09:02:41,781 SoloAdvicePrice.py[line:52] INFO 【SoloFltAdvicePrice】程序开始！
2026-06-29 09:02:41,871 run.py[line:87] INFO ===============SOLO_PART航班价格建议完成！===============
2026-06-29 09:02:41,977 basic_helper_fuction.py[line:234] INFO 生产环境接口：<Response [200]>
2026-06-29 10:03:03,928 run.py[line:126] INFO <<<<<<<<<<<<<<<<<<<<<<<<<<<<<<【航班动态定价托管】7.0.0 程序开始！>>>>>>>>>>>>>>>>>>>>>>>>>>>>>>
2026-06-29 10:03:35,649 database_oracle.py[line:572] INFO DP_EST_DATA_CHG进程执行完毕！
2026-06-29 10:03:35,704 KNNBasePredictor.py[line:296] INFO 【SoloFlightNumberIncreaseKNN】程序开始！
2026-06-29 10:03:35,783 KNNBasePredictor.py[line:322] INFO 【SoloFlightNumberIncreaseKNN】触发8进程模式，数据量：173
2026-06-29 10:03:59,452 SoloBkdSharpRise.py[line:74] INFO bkd_sharp_rise: 检测到 0 条航班触发订座突增提价
2026-06-29 10:03:59,464 SoloAdvicePrice.py[line:52] INFO 【SoloFltAdvicePrice】程序开始！
2026-06-29 10:03:59,607 run.py[line:87] INFO ===============SOLO_PART航班价格建议完成！===============
2026-06-29 10:04:00,022 basic_helper_fuction.py[line:234] INFO 生产环境接口：<Response [200]>
2026-06-29 10:59:00,904 run.py[line:57] INFO 定时任务已注册，进入轮询模式...
2026-06-29 11:02:00,317 run.py[line:126] INFO <<<<<<<<<<<<<<<<<<<<<<<<<<<<<<【航班动态定价托管】7.0.0 程序开始！>>>>>>>>>>>>>>>>>>>>>>>>>>>>>>
2026-06-29 11:03:06,577 database_oracle.py[line:572] INFO DP_EST_DATA_CHG进程执行完毕！
2026-06-29 11:03:06,604 KNNBasePredictor.py[line:296] INFO 【SoloFlightNumberIncreaseKNN】程序开始！
2026-06-29 11:03:06,626 KNNBasePredictor.py[line:322] INFO 【SoloFlightNumberIncreaseKNN】触发8进程模式，数据量：33
2026-06-29 11:03:21,111 SoloBkdSharpRise.py[line:74] INFO bkd_sharp_rise: 检测到 0 条航班触发订座突增提价
2026-06-29 11:03:21,123 SoloAdvicePrice.py[line:52] INFO 【SoloFltAdvicePrice】程序开始！
2026-06-29 11:03:21,228 run.py[line:87] INFO ===============SOLO_PART航班价格建议完成！===============
2026-06-29 11:03:21,605 basic_helper_fuction.py[line:240] INFO 生产环境接口：<Response [200]>
2026-06-29 12:04:00,755 run.py[line:126] INFO <<<<<<<<<<<<<<<<<<<<<<<<<<<<<<【航班动态定价托管】7.0.0 程序开始！>>>>>>>>>>>>>>>>>>>>>>>>>>>>>>
2026-06-29 12:04:33,157 database_oracle.py[line:572] INFO DP_EST_DATA_CHG进程执行完毕！
2026-06-29 12:04:33,207 KNNBasePredictor.py[line:296] INFO 【SoloFlightNumberIncreaseKNN】程序开始！
2026-06-29 12:04:33,232 KNNBasePredictor.py[line:322] INFO 【SoloFlightNumberIncreaseKNN】触发8进程模式，数据量：720
2026-06-29 12:05:05,787 SoloBkdSharpRise.py[line:74] INFO bkd_sharp_rise: 检测到 2 条航班触发订座突增提价
2026-06-29 12:05:05,893 SoloAdvicePrice.py[line:52] INFO 【SoloFltAdvicePrice】程序开始！
2026-06-29 12:05:06,078 run.py[line:87] INFO ===============SOLO_PART航班价格建议完成！===============
2026-06-29 12:05:13,141 basic_helper_fuction.py[line:240] INFO 生产环境接口：<Response [200]>
2026-06-29 13:02:04,845 run.py[line:126] INFO <<<<<<<<<<<<<<<<<<<<<<<<<<<<<<【航班动态定价托管】7.0.0 程序开始！>>>>>>>>>>>>>>>>>>>>>>>>>>>>>>
2026-06-29 13:02:18,588 database_oracle.py[line:572] INFO DP_EST_DATA_CHG进程执行完毕！
2026-06-29 13:02:18,630 KNNBasePredictor.py[line:296] INFO 【SoloFlightNumberIncreaseKNN】程序开始！
2026-06-29 13:02:18,668 KNNBasePredictor.py[line:322] INFO 【SoloFlightNumberIncreaseKNN】触发8进程模式，数据量：28
2026-06-29 13:02:24,653 SoloBkdSharpRise.py[line:74] INFO bkd_sharp_rise: 检测到 0 条航班触发订座突增提价
2026-06-29 13:02:24,662 SoloAdvicePrice.py[line:52] INFO 【SoloFltAdvicePrice】程序开始！
2026-06-29 13:02:24,732 run.py[line:87] INFO ===============SOLO_PART航班价格建议完成！===============
2026-06-29 13:02:24,831 basic_helper_fuction.py[line:240] INFO 生产环境接口：<Response [200]>
2026-06-29 14:02:00,688 run.py[line:126] INFO <<<<<<<<<<<<<<<<<<<<<<<<<<<<<<【航班动态定价托管】7.0.0 程序开始！>>>>>>>>>>>>>>>>>>>>>>>>>>>>>>
2026-06-29 14:02:10,716 database_oracle.py[line:572] INFO DP_EST_DATA_CHG进程执行完毕！
2026-06-29 14:02:10,736 KNNBasePredictor.py[line:296] INFO 【SoloFlightNumberIncreaseKNN】程序开始！
2026-06-29 14:02:10,749 KNNBasePredictor.py[line:322] INFO 【SoloFlightNumberIncreaseKNN】触发8进程模式，数据量：164
2026-06-29 14:02:20,136 SoloBkdSharpRise.py[line:74] INFO bkd_sharp_rise: 检测到 0 条航班触发订座突增提价
2026-06-29 14:02:20,145 SoloAdvicePrice.py[line:52] INFO 【SoloFltAdvicePrice】程序开始！
2026-06-29 14:02:20,212 run.py[line:87] INFO ===============SOLO_PART航班价格建议完成！===============
2026-06-29 14:02:20,758 basic_helper_fuction.py[line:240] INFO 生产环境接口：<Response [200]>
